[0.008s] Invoking command in '/home/sofiabl/puzzlebot_ws/build/puzzlebot_gazebo': AMENT_PREFIX_PATH=/home/sofiabl/puzzlebot_ws/install/puzzlebot_description:${AMENT_PREFIX_PATH} CMAKE_PREFIX_PATH=/home/sofiabl/puzzlebot_ws/install/puzzlebot_description:/opt/ros/humble /usr/bin/cmake --build /home/sofiabl/puzzlebot_ws/build/puzzlebot_gazebo -- -j12 -l12
[0.035s] -- Found ament_cmake: 1.3.14 (/opt/ros/humble/share/ament_cmake/cmake)
[0.232s] -- Configuring done
[0.237s] -- Generating done
[0.239s] -- Build files have been written to: /home/sofiabl/puzzlebot_ws/build/puzzlebot_gazebo
[0.256s] Invoked command in '/home/sofiabl/puzzlebot_ws/build/puzzlebot_gazebo' returned '0': AMENT_PREFIX_PATH=/home/sofiabl/puzzlebot_ws/install/puzzlebot_description:${AMENT_PREFIX_PATH} CMAKE_PREFIX_PATH=/home/sofiabl/puzzlebot_ws/install/puzzlebot_description:/opt/ros/humble /usr/bin/cmake --build /home/sofiabl/puzzlebot_ws/build/puzzlebot_gazebo -- -j12 -l12
[0.257s] Invoking command in '/home/sofiabl/puzzlebot_ws/build/puzzlebot_gazebo': AMENT_PREFIX_PATH=/home/sofiabl/puzzlebot_ws/install/puzzlebot_description:${AMENT_PREFIX_PATH} CMAKE_PREFIX_PATH=/home/sofiabl/puzzlebot_ws/install/puzzlebot_description:/opt/ros/humble /usr/bin/cmake --install /home/sofiabl/puzzlebot_ws/build/puzzlebot_gazebo
[0.263s] -- Install configuration: ""
[0.263s] -- Up-to-date: /home/sofiabl/puzzlebot_ws/install/puzzlebot_gazebo/share/puzzlebot_gazebo/launch
[0.263s] -- Installing: /home/sofiabl/puzzlebot_ws/install/puzzlebot_gazebo/share/puzzlebot_gazebo/launch/puzzlebot_gazebo.launch.xml
[0.264s] -- Up-to-date: /home/sofiabl/puzzlebot_ws/install/puzzlebot_gazebo/share/puzzlebot_gazebo/worlds
[0.264s] -- Installing: /home/sofiabl/puzzlebot_ws/install/puzzlebot_gazebo/share/puzzlebot_gazebo/config
[0.264s] -- Installing: /home/sofiabl/puzzlebot_ws/install/puzzlebot_gazebo/share/puzzlebot_gazebo/config/gazebo_bridge.yaml
[0.264s] -- Installing: /home/sofiabl/puzzlebot_ws/install/puzzlebot_gazebo/share/ament_index/resource_index/package_run_dependencies/puzzlebot_gazebo
[0.264s] -- Installing: /home/sofiabl/puzzlebot_ws/install/puzzlebot_gazebo/share/ament_index/resource_index/parent_prefix_path/puzzlebot_gazebo
[0.265s] -- Installing: /home/sofiabl/puzzlebot_ws/install/puzzlebot_gazebo/share/puzzlebot_gazebo/environment/ament_prefix_path.sh
[0.265s] -- Installing: /home/sofiabl/puzzlebot_ws/install/puzzlebot_gazebo/share/puzzlebot_gazebo/environment/ament_prefix_path.dsv
[0.265s] -- Installing: /home/sofiabl/puzzlebot_ws/install/puzzlebot_gazebo/share/puzzlebot_gazebo/environment/path.sh
[0.265s] -- Installing: /home/sofiabl/puzzlebot_ws/install/puzzlebot_gazebo/share/puzzlebot_gazebo/environment/path.dsv
[0.265s] -- Installing: /home/sofiabl/puzzlebot_ws/install/puzzlebot_gazebo/share/puzzlebot_gazebo/local_setup.bash
[0.266s] -- Installing: /home/sofiabl/puzzlebot_ws/install/puzzlebot_gazebo/share/puzzlebot_gazebo/local_setup.sh
[0.266s] -- Installing: /home/sofiabl/puzzlebot_ws/install/puzzlebot_gazebo/share/puzzlebot_gazebo/local_setup.zsh
[0.266s] -- Installing: /home/sofiabl/puzzlebot_ws/install/puzzlebot_gazebo/share/puzzlebot_gazebo/local_setup.dsv
[0.266s] -- Installing: /home/sofiabl/puzzlebot_ws/install/puzzlebot_gazebo/share/puzzlebot_gazebo/package.dsv
[0.266s] -- Installing: /home/sofiabl/puzzlebot_ws/install/puzzlebot_gazebo/share/ament_index/resource_index/packages/puzzlebot_gazebo
[0.266s] -- Installing: /home/sofiabl/puzzlebot_ws/install/puzzlebot_gazebo/share/puzzlebot_gazebo/cmake/puzzlebot_gazeboConfig.cmake
[0.267s] -- Installing: /home/sofiabl/puzzlebot_ws/install/puzzlebot_gazebo/share/puzzlebot_gazebo/cmake/puzzlebot_gazeboConfig-version.cmake
[0.267s] -- Installing: /home/sofiabl/puzzlebot_ws/install/puzzlebot_gazebo/share/puzzlebot_gazebo/package.xml
[0.269s] Invoked command in '/home/sofiabl/puzzlebot_ws/build/puzzlebot_gazebo' returned '0': AMENT_PREFIX_PATH=/home/sofiabl/puzzlebot_ws/install/puzzlebot_description:${AMENT_PREFIX_PATH} CMAKE_PREFIX_PATH=/home/sofiabl/puzzlebot_ws/install/puzzlebot_description:/opt/ros/humble /usr/bin/cmake --install /home/sofiabl/puzzlebot_ws/build/puzzlebot_gazebo
