[0.326s] DEBUG:colcon:Command line arguments: ['/usr/bin/colcon', 'build']
[0.327s] DEBUG:colcon:Parsed command line arguments: Namespace(log_base=None, log_level=None, verb_name='build', build_base='build', install_base='install', merge_install=False, symlink_install=False, test_result_base=None, continue_on_error=False, executor='parallel', parallel_workers=12, event_handlers=None, ignore_user_meta=False, metas=['./colcon.meta'], base_paths=['.'], packages_ignore=None, packages_ignore_regex=None, paths=None, packages_up_to=None, packages_up_to_regex=None, packages_above=None, packages_above_and_dependencies=None, packages_above_depth=None, packages_select_by_dep=None, packages_skip_by_dep=None, packages_skip_up_to=None, packages_select_build_failed=False, packages_skip_build_finished=False, packages_select_test_failures=False, packages_skip_test_passed=False, packages_select=None, packages_skip=None, packages_select_regex=None, packages_skip_regex=None, packages_start=None, packages_end=None, allow_overriding=[], cmake_args=None, cmake_target=None, cmake_target_skip_unavailable=False, cmake_clean_cache=False, cmake_clean_first=False, cmake_force_configure=False, ament_cmake_args=None, catkin_cmake_args=None, catkin_skip_building_tests=False, mixin_files=None, mixin=None, verb_parser=<colcon_mixin.mixin.mixin_argument.MixinArgumentDecorator object at 0x7c5b66f5b040>, verb_extension=<colcon_core.verb.build.BuildVerb object at 0x7c5b66f5a620>, main=<bound method BuildVerb.main of <colcon_core.verb.build.BuildVerb object at 0x7c5b66f5a620>>, mixin_verb=('build',))
[0.631s] Level 1:colcon.colcon_core.package_discovery:discover_packages(colcon_meta) check parameters
[0.631s] Level 1:colcon.colcon_core.package_discovery:discover_packages(recursive) check parameters
[0.631s] Level 1:colcon.colcon_core.package_discovery:discover_packages(ignore) check parameters
[0.631s] Level 1:colcon.colcon_core.package_discovery:discover_packages(path) check parameters
[0.631s] Level 1:colcon.colcon_core.package_discovery:discover_packages(colcon_meta) discover
[0.631s] Level 1:colcon.colcon_core.package_discovery:discover_packages(recursive) discover
[0.631s] INFO:colcon.colcon_core.package_discovery:Crawling recursively for packages in '/home/sofiabl/puzzlebot_ws'
[0.631s] Level 1:colcon.colcon_core.package_identification:_identify(.) by extensions ['ignore', 'ignore_ament_install']
[0.631s] Level 1:colcon.colcon_core.package_identification:_identify(.) by extension 'ignore'
[0.632s] Level 1:colcon.colcon_core.package_identification:_identify(.) by extension 'ignore_ament_install'
[0.632s] Level 1:colcon.colcon_core.package_identification:_identify(.) by extensions ['colcon_pkg']
[0.632s] Level 1:colcon.colcon_core.package_identification:_identify(.) by extension 'colcon_pkg'
[0.632s] Level 1:colcon.colcon_core.package_identification:_identify(.) by extensions ['colcon_meta']
[0.632s] Level 1:colcon.colcon_core.package_identification:_identify(.) by extension 'colcon_meta'
[0.632s] Level 1:colcon.colcon_core.package_identification:_identify(.) by extensions ['ros']
[0.632s] Level 1:colcon.colcon_core.package_identification:_identify(.) by extension 'ros'
[0.644s] Level 1:colcon.colcon_core.package_identification:_identify(.) by extensions ['cmake', 'python']
[0.644s] Level 1:colcon.colcon_core.package_identification:_identify(.) by extension 'cmake'
[0.644s] Level 1:colcon.colcon_core.package_identification:_identify(.) by extension 'python'
[0.644s] Level 1:colcon.colcon_core.package_identification:_identify(.) by extensions ['python_setup_py']
[0.645s] Level 1:colcon.colcon_core.package_identification:_identify(.) by extension 'python_setup_py'
[0.645s] Level 1:colcon.colcon_core.package_identification:_identify(build) by extensions ['ignore', 'ignore_ament_install']
[0.645s] Level 1:colcon.colcon_core.package_identification:_identify(build) by extension 'ignore'
[0.645s] Level 1:colcon.colcon_core.package_identification:_identify(build) ignored
[0.645s] Level 1:colcon.colcon_core.package_identification:_identify(install) by extensions ['ignore', 'ignore_ament_install']
[0.645s] Level 1:colcon.colcon_core.package_identification:_identify(install) by extension 'ignore'
[0.645s] Level 1:colcon.colcon_core.package_identification:_identify(install) ignored
[0.645s] Level 1:colcon.colcon_core.package_identification:_identify(log) by extensions ['ignore', 'ignore_ament_install']
[0.645s] Level 1:colcon.colcon_core.package_identification:_identify(log) by extension 'ignore'
[0.645s] Level 1:colcon.colcon_core.package_identification:_identify(log) ignored
[0.645s] Level 1:colcon.colcon_core.package_identification:_identify(src) by extensions ['ignore', 'ignore_ament_install']
[0.645s] Level 1:colcon.colcon_core.package_identification:_identify(src) by extension 'ignore'
[0.645s] Level 1:colcon.colcon_core.package_identification:_identify(src) by extension 'ignore_ament_install'
[0.646s] Level 1:colcon.colcon_core.package_identification:_identify(src) by extensions ['colcon_pkg']
[0.646s] Level 1:colcon.colcon_core.package_identification:_identify(src) by extension 'colcon_pkg'
[0.646s] Level 1:colcon.colcon_core.package_identification:_identify(src) by extensions ['colcon_meta']
[0.646s] Level 1:colcon.colcon_core.package_identification:_identify(src) by extension 'colcon_meta'
[0.646s] Level 1:colcon.colcon_core.package_identification:_identify(src) by extensions ['ros']
[0.646s] Level 1:colcon.colcon_core.package_identification:_identify(src) by extension 'ros'
[0.646s] Level 1:colcon.colcon_core.package_identification:_identify(src) by extensions ['cmake', 'python']
[0.646s] Level 1:colcon.colcon_core.package_identification:_identify(src) by extension 'cmake'
[0.646s] Level 1:colcon.colcon_core.package_identification:_identify(src) by extension 'python'
[0.646s] Level 1:colcon.colcon_core.package_identification:_identify(src) by extensions ['python_setup_py']
[0.646s] Level 1:colcon.colcon_core.package_identification:_identify(src) by extension 'python_setup_py'
[0.646s] Level 1:colcon.colcon_core.package_identification:_identify(src/puzzlebot_ros2) by extensions ['ignore', 'ignore_ament_install']
[0.646s] Level 1:colcon.colcon_core.package_identification:_identify(src/puzzlebot_ros2) by extension 'ignore'
[0.646s] Level 1:colcon.colcon_core.package_identification:_identify(src/puzzlebot_ros2) by extension 'ignore_ament_install'
[0.646s] Level 1:colcon.colcon_core.package_identification:_identify(src/puzzlebot_ros2) by extensions ['colcon_pkg']
[0.646s] Level 1:colcon.colcon_core.package_identification:_identify(src/puzzlebot_ros2) by extension 'colcon_pkg'
[0.646s] Level 1:colcon.colcon_core.package_identification:_identify(src/puzzlebot_ros2) by extensions ['colcon_meta']
[0.646s] Level 1:colcon.colcon_core.package_identification:_identify(src/puzzlebot_ros2) by extension 'colcon_meta'
[0.646s] Level 1:colcon.colcon_core.package_identification:_identify(src/puzzlebot_ros2) by extensions ['ros']
[0.646s] Level 1:colcon.colcon_core.package_identification:_identify(src/puzzlebot_ros2) by extension 'ros'
[0.646s] Level 1:colcon.colcon_core.package_identification:_identify(src/puzzlebot_ros2) by extensions ['cmake', 'python']
[0.647s] Level 1:colcon.colcon_core.package_identification:_identify(src/puzzlebot_ros2) by extension 'cmake'
[0.647s] Level 1:colcon.colcon_core.package_identification:_identify(src/puzzlebot_ros2) by extension 'python'
[0.647s] Level 1:colcon.colcon_core.package_identification:_identify(src/puzzlebot_ros2) by extensions ['python_setup_py']
[0.647s] Level 1:colcon.colcon_core.package_identification:_identify(src/puzzlebot_ros2) by extension 'python_setup_py'
[0.647s] Level 1:colcon.colcon_core.package_identification:_identify(src/puzzlebot_ros2/puzzlebot_description) by extensions ['ignore', 'ignore_ament_install']
[0.647s] Level 1:colcon.colcon_core.package_identification:_identify(src/puzzlebot_ros2/puzzlebot_description) by extension 'ignore'
[0.647s] Level 1:colcon.colcon_core.package_identification:_identify(src/puzzlebot_ros2/puzzlebot_description) by extension 'ignore_ament_install'
[0.647s] Level 1:colcon.colcon_core.package_identification:_identify(src/puzzlebot_ros2/puzzlebot_description) by extensions ['colcon_pkg']
[0.647s] Level 1:colcon.colcon_core.package_identification:_identify(src/puzzlebot_ros2/puzzlebot_description) by extension 'colcon_pkg'
[0.647s] Level 1:colcon.colcon_core.package_identification:_identify(src/puzzlebot_ros2/puzzlebot_description) by extensions ['colcon_meta']
[0.647s] Level 1:colcon.colcon_core.package_identification:_identify(src/puzzlebot_ros2/puzzlebot_description) by extension 'colcon_meta'
[0.647s] Level 1:colcon.colcon_core.package_identification:_identify(src/puzzlebot_ros2/puzzlebot_description) by extensions ['ros']
[0.647s] Level 1:colcon.colcon_core.package_identification:_identify(src/puzzlebot_ros2/puzzlebot_description) by extension 'ros'
[0.651s] DEBUG:colcon.colcon_core.package_identification:Package 'src/puzzlebot_ros2/puzzlebot_description' with type 'ros.ament_cmake' and name 'puzzlebot_description'
[0.651s] Level 1:colcon.colcon_core.package_identification:_identify(src/puzzlebot_ros2/puzzlebot_gazebo) by extensions ['ignore', 'ignore_ament_install']
[0.651s] Level 1:colcon.colcon_core.package_identification:_identify(src/puzzlebot_ros2/puzzlebot_gazebo) by extension 'ignore'
[0.651s] Level 1:colcon.colcon_core.package_identification:_identify(src/puzzlebot_ros2/puzzlebot_gazebo) by extension 'ignore_ament_install'
[0.651s] Level 1:colcon.colcon_core.package_identification:_identify(src/puzzlebot_ros2/puzzlebot_gazebo) by extensions ['colcon_pkg']
[0.651s] Level 1:colcon.colcon_core.package_identification:_identify(src/puzzlebot_ros2/puzzlebot_gazebo) by extension 'colcon_pkg'
[0.651s] Level 1:colcon.colcon_core.package_identification:_identify(src/puzzlebot_ros2/puzzlebot_gazebo) by extensions ['colcon_meta']
[0.651s] Level 1:colcon.colcon_core.package_identification:_identify(src/puzzlebot_ros2/puzzlebot_gazebo) by extension 'colcon_meta'
[0.651s] Level 1:colcon.colcon_core.package_identification:_identify(src/puzzlebot_ros2/puzzlebot_gazebo) by extensions ['ros']
[0.652s] Level 1:colcon.colcon_core.package_identification:_identify(src/puzzlebot_ros2/puzzlebot_gazebo) by extension 'ros'
[0.652s] DEBUG:colcon.colcon_core.package_identification:Package 'src/puzzlebot_ros2/puzzlebot_gazebo' with type 'ros.ament_cmake' and name 'puzzlebot_gazebo'
[0.652s] Level 1:colcon.colcon_core.package_identification:_identify(src/puzzlebot_ros2/puzzlebot_navigation) by extensions ['ignore', 'ignore_ament_install']
[0.652s] Level 1:colcon.colcon_core.package_identification:_identify(src/puzzlebot_ros2/puzzlebot_navigation) by extension 'ignore'
[0.653s] Level 1:colcon.colcon_core.package_identification:_identify(src/puzzlebot_ros2/puzzlebot_navigation) by extension 'ignore_ament_install'
[0.653s] Level 1:colcon.colcon_core.package_identification:_identify(src/puzzlebot_ros2/puzzlebot_navigation) by extensions ['colcon_pkg']
[0.653s] Level 1:colcon.colcon_core.package_identification:_identify(src/puzzlebot_ros2/puzzlebot_navigation) by extension 'colcon_pkg'
[0.653s] Level 1:colcon.colcon_core.package_identification:_identify(src/puzzlebot_ros2/puzzlebot_navigation) by extensions ['colcon_meta']
[0.653s] Level 1:colcon.colcon_core.package_identification:_identify(src/puzzlebot_ros2/puzzlebot_navigation) by extension 'colcon_meta'
[0.653s] Level 1:colcon.colcon_core.package_identification:_identify(src/puzzlebot_ros2/puzzlebot_navigation) by extensions ['ros']
[0.653s] Level 1:colcon.colcon_core.package_identification:_identify(src/puzzlebot_ros2/puzzlebot_navigation) by extension 'ros'
[0.654s] DEBUG:colcon.colcon_core.package_identification:Package 'src/puzzlebot_ros2/puzzlebot_navigation' with type 'ros.ament_cmake' and name 'puzzlebot_navigation'
[0.654s] Level 1:colcon.colcon_core.package_discovery:discover_packages(recursive) using defaults
[0.654s] Level 1:colcon.colcon_core.package_discovery:discover_packages(ignore) discover
[0.654s] Level 1:colcon.colcon_core.package_discovery:discover_packages(ignore) using defaults
[0.654s] Level 1:colcon.colcon_core.package_discovery:discover_packages(path) discover
[0.654s] Level 1:colcon.colcon_core.package_discovery:discover_packages(path) using defaults
[0.690s] Level 1:colcon.colcon_core.package_discovery:discover_packages(prefix_path) check parameters
[0.690s] Level 1:colcon.colcon_core.package_discovery:discover_packages(prefix_path) discover
[0.696s] DEBUG:colcon.colcon_installed_package_information.package_discovery:Found 491 installed packages in /opt/ros/humble
[0.700s] Level 1:colcon.colcon_core.package_discovery:discover_packages(prefix_path) using defaults
[0.823s] Level 5:colcon.colcon_core.verb:set package 'puzzlebot_description' build argument 'cmake_args' from command line to 'None'
[0.823s] Level 5:colcon.colcon_core.verb:set package 'puzzlebot_description' build argument 'cmake_target' from command line to 'None'
[0.823s] Level 5:colcon.colcon_core.verb:set package 'puzzlebot_description' build argument 'cmake_target_skip_unavailable' from command line to 'False'
[0.823s] Level 5:colcon.colcon_core.verb:set package 'puzzlebot_description' build argument 'cmake_clean_cache' from command line to 'False'
[0.823s] Level 5:colcon.colcon_core.verb:set package 'puzzlebot_description' build argument 'cmake_clean_first' from command line to 'False'
[0.823s] Level 5:colcon.colcon_core.verb:set package 'puzzlebot_description' build argument 'cmake_force_configure' from command line to 'False'
[0.823s] Level 5:colcon.colcon_core.verb:set package 'puzzlebot_description' build argument 'ament_cmake_args' from command line to 'None'
[0.823s] Level 5:colcon.colcon_core.verb:set package 'puzzlebot_description' build argument 'catkin_cmake_args' from command line to 'None'
[0.823s] Level 5:colcon.colcon_core.verb:set package 'puzzlebot_description' build argument 'catkin_skip_building_tests' from command line to 'False'
[0.823s] DEBUG:colcon.colcon_core.verb:Building package 'puzzlebot_description' with the following arguments: {'ament_cmake_args': None, 'build_base': '/home/sofiabl/puzzlebot_ws/build/puzzlebot_description', 'catkin_cmake_args': None, 'catkin_skip_building_tests': False, 'cmake_args': None, 'cmake_clean_cache': False, 'cmake_clean_first': False, 'cmake_force_configure': False, 'cmake_target': None, 'cmake_target_skip_unavailable': False, 'install_base': '/home/sofiabl/puzzlebot_ws/install/puzzlebot_description', 'merge_install': False, 'path': '/home/sofiabl/puzzlebot_ws/src/puzzlebot_ros2/puzzlebot_description', 'symlink_install': False, 'test_result_base': None}
[0.824s] Level 5:colcon.colcon_core.verb:set package 'puzzlebot_gazebo' build argument 'cmake_args' from command line to 'None'
[0.824s] Level 5:colcon.colcon_core.verb:set package 'puzzlebot_gazebo' build argument 'cmake_target' from command line to 'None'
[0.824s] Level 5:colcon.colcon_core.verb:set package 'puzzlebot_gazebo' build argument 'cmake_target_skip_unavailable' from command line to 'False'
[0.824s] Level 5:colcon.colcon_core.verb:set package 'puzzlebot_gazebo' build argument 'cmake_clean_cache' from command line to 'False'
[0.824s] Level 5:colcon.colcon_core.verb:set package 'puzzlebot_gazebo' build argument 'cmake_clean_first' from command line to 'False'
[0.824s] Level 5:colcon.colcon_core.verb:set package 'puzzlebot_gazebo' build argument 'cmake_force_configure' from command line to 'False'
[0.824s] Level 5:colcon.colcon_core.verb:set package 'puzzlebot_gazebo' build argument 'ament_cmake_args' from command line to 'None'
[0.824s] Level 5:colcon.colcon_core.verb:set package 'puzzlebot_gazebo' build argument 'catkin_cmake_args' from command line to 'None'
[0.824s] Level 5:colcon.colcon_core.verb:set package 'puzzlebot_gazebo' build argument 'catkin_skip_building_tests' from command line to 'False'
[0.824s] DEBUG:colcon.colcon_core.verb:Building package 'puzzlebot_gazebo' with the following arguments: {'ament_cmake_args': None, 'build_base': '/home/sofiabl/puzzlebot_ws/build/puzzlebot_gazebo', 'catkin_cmake_args': None, 'catkin_skip_building_tests': False, 'cmake_args': None, 'cmake_clean_cache': False, 'cmake_clean_first': False, 'cmake_force_configure': False, 'cmake_target': None, 'cmake_target_skip_unavailable': False, 'install_base': '/home/sofiabl/puzzlebot_ws/install/puzzlebot_gazebo', 'merge_install': False, 'path': '/home/sofiabl/puzzlebot_ws/src/puzzlebot_ros2/puzzlebot_gazebo', 'symlink_install': False, 'test_result_base': None}
[0.824s] Level 5:colcon.colcon_core.verb:set package 'puzzlebot_navigation' build argument 'cmake_args' from command line to 'None'
[0.824s] Level 5:colcon.colcon_core.verb:set package 'puzzlebot_navigation' build argument 'cmake_target' from command line to 'None'
[0.824s] Level 5:colcon.colcon_core.verb:set package 'puzzlebot_navigation' build argument 'cmake_target_skip_unavailable' from command line to 'False'
[0.824s] Level 5:colcon.colcon_core.verb:set package 'puzzlebot_navigation' build argument 'cmake_clean_cache' from command line to 'False'
[0.824s] Level 5:colcon.colcon_core.verb:set package 'puzzlebot_navigation' build argument 'cmake_clean_first' from command line to 'False'
[0.825s] Level 5:colcon.colcon_core.verb:set package 'puzzlebot_navigation' build argument 'cmake_force_configure' from command line to 'False'
[0.825s] Level 5:colcon.colcon_core.verb:set package 'puzzlebot_navigation' build argument 'ament_cmake_args' from command line to 'None'
[0.825s] Level 5:colcon.colcon_core.verb:set package 'puzzlebot_navigation' build argument 'catkin_cmake_args' from command line to 'None'
[0.825s] Level 5:colcon.colcon_core.verb:set package 'puzzlebot_navigation' build argument 'catkin_skip_building_tests' from command line to 'False'
[0.825s] DEBUG:colcon.colcon_core.verb:Building package 'puzzlebot_navigation' with the following arguments: {'ament_cmake_args': None, 'build_base': '/home/sofiabl/puzzlebot_ws/build/puzzlebot_navigation', 'catkin_cmake_args': None, 'catkin_skip_building_tests': False, 'cmake_args': None, 'cmake_clean_cache': False, 'cmake_clean_first': False, 'cmake_force_configure': False, 'cmake_target': None, 'cmake_target_skip_unavailable': False, 'install_base': '/home/sofiabl/puzzlebot_ws/install/puzzlebot_navigation', 'merge_install': False, 'path': '/home/sofiabl/puzzlebot_ws/src/puzzlebot_ros2/puzzlebot_navigation', 'symlink_install': False, 'test_result_base': None}
[0.825s] INFO:colcon.colcon_core.executor:Executing jobs using 'parallel' executor
[0.826s] DEBUG:colcon.colcon_parallel_executor.executor.parallel:run_until_complete
[0.827s] INFO:colcon.colcon_ros.task.ament_cmake.build:Building ROS package in '/home/sofiabl/puzzlebot_ws/src/puzzlebot_ros2/puzzlebot_description' with build type 'ament_cmake'
[0.827s] INFO:colcon.colcon_cmake.task.cmake.build:Building CMake package in '/home/sofiabl/puzzlebot_ws/src/puzzlebot_ros2/puzzlebot_description'
[0.831s] INFO:colcon.colcon_core.plugin_system:Skipping extension 'colcon_core.shell.bat': Not used on non-Windows systems
[0.832s] INFO:colcon.colcon_core.shell:Skip shell extension 'powershell' for command environment: Not usable outside of PowerShell
[0.832s] DEBUG:colcon.colcon_core.shell:Skip shell extension 'dsv' for command environment
[0.841s] DEBUG:colcon.colcon_core.event_handler.log_command:Invoking command in '/home/sofiabl/puzzlebot_ws/build/puzzlebot_description': CMAKE_PREFIX_PATH=/opt/ros/humble /usr/bin/cmake --build /home/sofiabl/puzzlebot_ws/build/puzzlebot_description -- -j12 -l12
[0.914s] DEBUG:colcon.colcon_core.event_handler.log_command:Invoked command in '/home/sofiabl/puzzlebot_ws/build/puzzlebot_description' returned '0': CMAKE_PREFIX_PATH=/opt/ros/humble /usr/bin/cmake --build /home/sofiabl/puzzlebot_ws/build/puzzlebot_description -- -j12 -l12
[0.923s] DEBUG:colcon.colcon_core.event_handler.log_command:Invoking command in '/home/sofiabl/puzzlebot_ws/build/puzzlebot_description': CMAKE_PREFIX_PATH=/opt/ros/humble /usr/bin/cmake --install /home/sofiabl/puzzlebot_ws/build/puzzlebot_description
[0.936s] Level 1:colcon.colcon_core.environment:create_environment_scripts_only(puzzlebot_description)
[0.937s] DEBUG:colcon.colcon_core.event_handler.log_command:Invoked command in '/home/sofiabl/puzzlebot_ws/build/puzzlebot_description' returned '0': CMAKE_PREFIX_PATH=/opt/ros/humble /usr/bin/cmake --install /home/sofiabl/puzzlebot_ws/build/puzzlebot_description
[0.942s] Level 1:colcon.colcon_core.environment:checking '/home/sofiabl/puzzlebot_ws/install/puzzlebot_description' for CMake module files
[0.943s] Level 1:colcon.colcon_core.environment:checking '/home/sofiabl/puzzlebot_ws/install/puzzlebot_description' for CMake config files
[0.943s] Level 1:colcon.colcon_core.shell:create_environment_hook('puzzlebot_description', 'cmake_prefix_path')
[0.943s] INFO:colcon.colcon_core.shell:Creating environment hook '/home/sofiabl/puzzlebot_ws/install/puzzlebot_description/share/puzzlebot_description/hook/cmake_prefix_path.ps1'
[0.944s] INFO:colcon.colcon_core.shell:Creating environment descriptor '/home/sofiabl/puzzlebot_ws/install/puzzlebot_description/share/puzzlebot_description/hook/cmake_prefix_path.dsv'
[0.945s] INFO:colcon.colcon_core.shell:Creating environment hook '/home/sofiabl/puzzlebot_ws/install/puzzlebot_description/share/puzzlebot_description/hook/cmake_prefix_path.sh'
[0.946s] Level 1:colcon.colcon_core.environment:checking '/home/sofiabl/puzzlebot_ws/install/puzzlebot_description/bin'
[0.946s] Level 1:colcon.colcon_core.environment:checking '/home/sofiabl/puzzlebot_ws/install/puzzlebot_description/lib/pkgconfig/puzzlebot_description.pc'
[0.946s] Level 1:colcon.colcon_core.environment:checking '/home/sofiabl/puzzlebot_ws/install/puzzlebot_description/lib/python3.10/site-packages'
[0.947s] Level 1:colcon.colcon_core.environment:checking '/home/sofiabl/puzzlebot_ws/install/puzzlebot_description/bin'
[0.947s] INFO:colcon.colcon_core.shell:Creating package script '/home/sofiabl/puzzlebot_ws/install/puzzlebot_description/share/puzzlebot_description/package.ps1'
[0.949s] INFO:colcon.colcon_core.shell:Creating package descriptor '/home/sofiabl/puzzlebot_ws/install/puzzlebot_description/share/puzzlebot_description/package.dsv'
[0.950s] INFO:colcon.colcon_core.shell:Creating package script '/home/sofiabl/puzzlebot_ws/install/puzzlebot_description/share/puzzlebot_description/package.sh'
[0.951s] INFO:colcon.colcon_core.shell:Creating package script '/home/sofiabl/puzzlebot_ws/install/puzzlebot_description/share/puzzlebot_description/package.bash'
[0.952s] INFO:colcon.colcon_core.shell:Creating package script '/home/sofiabl/puzzlebot_ws/install/puzzlebot_description/share/puzzlebot_description/package.zsh'
[0.953s] Level 1:colcon.colcon_core.environment:create_file_with_runtime_dependencies(/home/sofiabl/puzzlebot_ws/install/puzzlebot_description/share/colcon-core/packages/puzzlebot_description)
[0.953s] Level 1:colcon.colcon_core.environment:create_environment_scripts_only(puzzlebot_description)
[0.954s] Level 1:colcon.colcon_core.environment:checking '/home/sofiabl/puzzlebot_ws/install/puzzlebot_description' for CMake module files
[0.954s] Level 1:colcon.colcon_core.environment:checking '/home/sofiabl/puzzlebot_ws/install/puzzlebot_description' for CMake config files
[0.954s] Level 1:colcon.colcon_core.shell:create_environment_hook('puzzlebot_description', 'cmake_prefix_path')
[0.955s] INFO:colcon.colcon_core.shell:Creating environment hook '/home/sofiabl/puzzlebot_ws/install/puzzlebot_description/share/puzzlebot_description/hook/cmake_prefix_path.ps1'
[0.955s] INFO:colcon.colcon_core.shell:Creating environment descriptor '/home/sofiabl/puzzlebot_ws/install/puzzlebot_description/share/puzzlebot_description/hook/cmake_prefix_path.dsv'
[0.956s] INFO:colcon.colcon_core.shell:Creating environment hook '/home/sofiabl/puzzlebot_ws/install/puzzlebot_description/share/puzzlebot_description/hook/cmake_prefix_path.sh'
[0.956s] Level 1:colcon.colcon_core.environment:checking '/home/sofiabl/puzzlebot_ws/install/puzzlebot_description/bin'
[0.956s] Level 1:colcon.colcon_core.environment:checking '/home/sofiabl/puzzlebot_ws/install/puzzlebot_description/lib/pkgconfig/puzzlebot_description.pc'
[0.956s] Level 1:colcon.colcon_core.environment:checking '/home/sofiabl/puzzlebot_ws/install/puzzlebot_description/lib/python3.10/site-packages'
[0.957s] Level 1:colcon.colcon_core.environment:checking '/home/sofiabl/puzzlebot_ws/install/puzzlebot_description/bin'
[0.957s] INFO:colcon.colcon_core.shell:Creating package script '/home/sofiabl/puzzlebot_ws/install/puzzlebot_description/share/puzzlebot_description/package.ps1'
[0.958s] INFO:colcon.colcon_core.shell:Creating package descriptor '/home/sofiabl/puzzlebot_ws/install/puzzlebot_description/share/puzzlebot_description/package.dsv'
[0.958s] INFO:colcon.colcon_core.shell:Creating package script '/home/sofiabl/puzzlebot_ws/install/puzzlebot_description/share/puzzlebot_description/package.sh'
[0.959s] INFO:colcon.colcon_core.shell:Creating package script '/home/sofiabl/puzzlebot_ws/install/puzzlebot_description/share/puzzlebot_description/package.bash'
[0.959s] INFO:colcon.colcon_core.shell:Creating package script '/home/sofiabl/puzzlebot_ws/install/puzzlebot_description/share/puzzlebot_description/package.zsh'
[0.960s] Level 1:colcon.colcon_core.environment:create_file_with_runtime_dependencies(/home/sofiabl/puzzlebot_ws/install/puzzlebot_description/share/colcon-core/packages/puzzlebot_description)
[0.960s] INFO:colcon.colcon_ros.task.ament_cmake.build:Building ROS package in '/home/sofiabl/puzzlebot_ws/src/puzzlebot_ros2/puzzlebot_gazebo' with build type 'ament_cmake'
[0.960s] INFO:colcon.colcon_cmake.task.cmake.build:Building CMake package in '/home/sofiabl/puzzlebot_ws/src/puzzlebot_ros2/puzzlebot_gazebo'
[0.961s] INFO:colcon.colcon_core.shell:Skip shell extension 'powershell' for command environment: Not usable outside of PowerShell
[0.961s] DEBUG:colcon.colcon_core.shell:Skip shell extension 'dsv' for command environment
[0.970s] DEBUG:colcon.colcon_core.event_handler.log_command:Invoking command in '/home/sofiabl/puzzlebot_ws/build/puzzlebot_gazebo': AMENT_PREFIX_PATH=/home/sofiabl/puzzlebot_ws/install/puzzlebot_description:${AMENT_PREFIX_PATH} CMAKE_PREFIX_PATH=/home/sofiabl/puzzlebot_ws/install/puzzlebot_description:/opt/ros/humble /usr/bin/cmake --build /home/sofiabl/puzzlebot_ws/build/puzzlebot_gazebo -- -j12 -l12
[1.217s] DEBUG:colcon.colcon_core.event_handler.log_command:Invoked command in '/home/sofiabl/puzzlebot_ws/build/puzzlebot_gazebo' returned '0': AMENT_PREFIX_PATH=/home/sofiabl/puzzlebot_ws/install/puzzlebot_description:${AMENT_PREFIX_PATH} CMAKE_PREFIX_PATH=/home/sofiabl/puzzlebot_ws/install/puzzlebot_description:/opt/ros/humble /usr/bin/cmake --build /home/sofiabl/puzzlebot_ws/build/puzzlebot_gazebo -- -j12 -l12
[1.219s] DEBUG:colcon.colcon_core.event_handler.log_command:Invoking command in '/home/sofiabl/puzzlebot_ws/build/puzzlebot_gazebo': AMENT_PREFIX_PATH=/home/sofiabl/puzzlebot_ws/install/puzzlebot_description:${AMENT_PREFIX_PATH} CMAKE_PREFIX_PATH=/home/sofiabl/puzzlebot_ws/install/puzzlebot_description:/opt/ros/humble /usr/bin/cmake --install /home/sofiabl/puzzlebot_ws/build/puzzlebot_gazebo
[1.229s] Level 1:colcon.colcon_core.environment:create_environment_scripts_only(puzzlebot_gazebo)
[1.230s] Level 1:colcon.colcon_core.environment:checking '/home/sofiabl/puzzlebot_ws/install/puzzlebot_gazebo' for CMake module files
[1.230s] DEBUG:colcon.colcon_core.event_handler.log_command:Invoked command in '/home/sofiabl/puzzlebot_ws/build/puzzlebot_gazebo' returned '0': AMENT_PREFIX_PATH=/home/sofiabl/puzzlebot_ws/install/puzzlebot_description:${AMENT_PREFIX_PATH} CMAKE_PREFIX_PATH=/home/sofiabl/puzzlebot_ws/install/puzzlebot_description:/opt/ros/humble /usr/bin/cmake --install /home/sofiabl/puzzlebot_ws/build/puzzlebot_gazebo
[1.230s] Level 1:colcon.colcon_core.environment:checking '/home/sofiabl/puzzlebot_ws/install/puzzlebot_gazebo' for CMake config files
[1.231s] Level 1:colcon.colcon_core.shell:create_environment_hook('puzzlebot_gazebo', 'cmake_prefix_path')
[1.231s] INFO:colcon.colcon_core.shell:Creating environment hook '/home/sofiabl/puzzlebot_ws/install/puzzlebot_gazebo/share/puzzlebot_gazebo/hook/cmake_prefix_path.ps1'
[1.231s] INFO:colcon.colcon_core.shell:Creating environment descriptor '/home/sofiabl/puzzlebot_ws/install/puzzlebot_gazebo/share/puzzlebot_gazebo/hook/cmake_prefix_path.dsv'
[1.232s] INFO:colcon.colcon_core.shell:Creating environment hook '/home/sofiabl/puzzlebot_ws/install/puzzlebot_gazebo/share/puzzlebot_gazebo/hook/cmake_prefix_path.sh'
[1.232s] Level 1:colcon.colcon_core.environment:checking '/home/sofiabl/puzzlebot_ws/install/puzzlebot_gazebo/bin'
[1.232s] Level 1:colcon.colcon_core.environment:checking '/home/sofiabl/puzzlebot_ws/install/puzzlebot_gazebo/lib/pkgconfig/puzzlebot_gazebo.pc'
[1.233s] Level 1:colcon.colcon_core.environment:checking '/home/sofiabl/puzzlebot_ws/install/puzzlebot_gazebo/lib/python3.10/site-packages'
[1.233s] Level 1:colcon.colcon_core.environment:checking '/home/sofiabl/puzzlebot_ws/install/puzzlebot_gazebo/bin'
[1.233s] INFO:colcon.colcon_core.shell:Creating package script '/home/sofiabl/puzzlebot_ws/install/puzzlebot_gazebo/share/puzzlebot_gazebo/package.ps1'
[1.234s] INFO:colcon.colcon_core.shell:Creating package descriptor '/home/sofiabl/puzzlebot_ws/install/puzzlebot_gazebo/share/puzzlebot_gazebo/package.dsv'
[1.234s] INFO:colcon.colcon_core.shell:Creating package script '/home/sofiabl/puzzlebot_ws/install/puzzlebot_gazebo/share/puzzlebot_gazebo/package.sh'
[1.235s] INFO:colcon.colcon_core.shell:Creating package script '/home/sofiabl/puzzlebot_ws/install/puzzlebot_gazebo/share/puzzlebot_gazebo/package.bash'
[1.235s] INFO:colcon.colcon_core.shell:Creating package script '/home/sofiabl/puzzlebot_ws/install/puzzlebot_gazebo/share/puzzlebot_gazebo/package.zsh'
[1.235s] Level 1:colcon.colcon_core.environment:create_file_with_runtime_dependencies(/home/sofiabl/puzzlebot_ws/install/puzzlebot_gazebo/share/colcon-core/packages/puzzlebot_gazebo)
[1.236s] Level 1:colcon.colcon_core.environment:create_environment_scripts_only(puzzlebot_gazebo)
[1.236s] Level 1:colcon.colcon_core.environment:checking '/home/sofiabl/puzzlebot_ws/install/puzzlebot_gazebo' for CMake module files
[1.237s] Level 1:colcon.colcon_core.environment:checking '/home/sofiabl/puzzlebot_ws/install/puzzlebot_gazebo' for CMake config files
[1.237s] Level 1:colcon.colcon_core.shell:create_environment_hook('puzzlebot_gazebo', 'cmake_prefix_path')
[1.237s] INFO:colcon.colcon_core.shell:Creating environment hook '/home/sofiabl/puzzlebot_ws/install/puzzlebot_gazebo/share/puzzlebot_gazebo/hook/cmake_prefix_path.ps1'
[1.237s] INFO:colcon.colcon_core.shell:Creating environment descriptor '/home/sofiabl/puzzlebot_ws/install/puzzlebot_gazebo/share/puzzlebot_gazebo/hook/cmake_prefix_path.dsv'
[1.238s] INFO:colcon.colcon_core.shell:Creating environment hook '/home/sofiabl/puzzlebot_ws/install/puzzlebot_gazebo/share/puzzlebot_gazebo/hook/cmake_prefix_path.sh'
[1.238s] Level 1:colcon.colcon_core.environment:checking '/home/sofiabl/puzzlebot_ws/install/puzzlebot_gazebo/bin'
[1.238s] Level 1:colcon.colcon_core.environment:checking '/home/sofiabl/puzzlebot_ws/install/puzzlebot_gazebo/lib/pkgconfig/puzzlebot_gazebo.pc'
[1.239s] Level 1:colcon.colcon_core.environment:checking '/home/sofiabl/puzzlebot_ws/install/puzzlebot_gazebo/lib/python3.10/site-packages'
[1.239s] Level 1:colcon.colcon_core.environment:checking '/home/sofiabl/puzzlebot_ws/install/puzzlebot_gazebo/bin'
[1.239s] INFO:colcon.colcon_core.shell:Creating package script '/home/sofiabl/puzzlebot_ws/install/puzzlebot_gazebo/share/puzzlebot_gazebo/package.ps1'
[1.240s] INFO:colcon.colcon_core.shell:Creating package descriptor '/home/sofiabl/puzzlebot_ws/install/puzzlebot_gazebo/share/puzzlebot_gazebo/package.dsv'
[1.240s] INFO:colcon.colcon_core.shell:Creating package script '/home/sofiabl/puzzlebot_ws/install/puzzlebot_gazebo/share/puzzlebot_gazebo/package.sh'
[1.241s] INFO:colcon.colcon_core.shell:Creating package script '/home/sofiabl/puzzlebot_ws/install/puzzlebot_gazebo/share/puzzlebot_gazebo/package.bash'
[1.241s] INFO:colcon.colcon_core.shell:Creating package script '/home/sofiabl/puzzlebot_ws/install/puzzlebot_gazebo/share/puzzlebot_gazebo/package.zsh'
[1.241s] Level 1:colcon.colcon_core.environment:create_file_with_runtime_dependencies(/home/sofiabl/puzzlebot_ws/install/puzzlebot_gazebo/share/colcon-core/packages/puzzlebot_gazebo)
[1.242s] INFO:colcon.colcon_ros.task.ament_cmake.build:Building ROS package in '/home/sofiabl/puzzlebot_ws/src/puzzlebot_ros2/puzzlebot_navigation' with build type 'ament_cmake'
[1.242s] INFO:colcon.colcon_cmake.task.cmake.build:Building CMake package in '/home/sofiabl/puzzlebot_ws/src/puzzlebot_ros2/puzzlebot_navigation'
[1.242s] INFO:colcon.colcon_core.shell:Skip shell extension 'powershell' for command environment: Not usable outside of PowerShell
[1.242s] DEBUG:colcon.colcon_core.shell:Skip shell extension 'dsv' for command environment
[1.251s] DEBUG:colcon.colcon_core.event_handler.log_command:Invoking command in '/home/sofiabl/puzzlebot_ws/build/puzzlebot_navigation': AMENT_PREFIX_PATH=/home/sofiabl/puzzlebot_ws/install/puzzlebot_gazebo:/home/sofiabl/puzzlebot_ws/install/puzzlebot_description:${AMENT_PREFIX_PATH} CMAKE_PREFIX_PATH=/home/sofiabl/puzzlebot_ws/install/puzzlebot_gazebo:/home/sofiabl/puzzlebot_ws/install/puzzlebot_description:/opt/ros/humble /usr/bin/cmake --build /home/sofiabl/puzzlebot_ws/build/puzzlebot_navigation -- -j12 -l12
[1.417s] DEBUG:colcon.colcon_core.event_handler.log_command:Invoked command in '/home/sofiabl/puzzlebot_ws/build/puzzlebot_navigation' returned '0': AMENT_PREFIX_PATH=/home/sofiabl/puzzlebot_ws/install/puzzlebot_gazebo:/home/sofiabl/puzzlebot_ws/install/puzzlebot_description:${AMENT_PREFIX_PATH} CMAKE_PREFIX_PATH=/home/sofiabl/puzzlebot_ws/install/puzzlebot_gazebo:/home/sofiabl/puzzlebot_ws/install/puzzlebot_description:/opt/ros/humble /usr/bin/cmake --build /home/sofiabl/puzzlebot_ws/build/puzzlebot_navigation -- -j12 -l12
[1.418s] DEBUG:colcon.colcon_core.event_handler.log_command:Invoking command in '/home/sofiabl/puzzlebot_ws/build/puzzlebot_navigation': AMENT_PREFIX_PATH=/home/sofiabl/puzzlebot_ws/install/puzzlebot_gazebo:/home/sofiabl/puzzlebot_ws/install/puzzlebot_description:${AMENT_PREFIX_PATH} CMAKE_PREFIX_PATH=/home/sofiabl/puzzlebot_ws/install/puzzlebot_gazebo:/home/sofiabl/puzzlebot_ws/install/puzzlebot_description:/opt/ros/humble /usr/bin/cmake --install /home/sofiabl/puzzlebot_ws/build/puzzlebot_navigation
[1.429s] Level 1:colcon.colcon_core.environment:create_environment_scripts_only(puzzlebot_navigation)
[1.429s] Level 1:colcon.colcon_core.environment:checking '/home/sofiabl/puzzlebot_ws/install/puzzlebot_navigation' for CMake module files
[1.430s] DEBUG:colcon.colcon_core.event_handler.log_command:Invoked command in '/home/sofiabl/puzzlebot_ws/build/puzzlebot_navigation' returned '0': AMENT_PREFIX_PATH=/home/sofiabl/puzzlebot_ws/install/puzzlebot_gazebo:/home/sofiabl/puzzlebot_ws/install/puzzlebot_description:${AMENT_PREFIX_PATH} CMAKE_PREFIX_PATH=/home/sofiabl/puzzlebot_ws/install/puzzlebot_gazebo:/home/sofiabl/puzzlebot_ws/install/puzzlebot_description:/opt/ros/humble /usr/bin/cmake --install /home/sofiabl/puzzlebot_ws/build/puzzlebot_navigation
[1.430s] Level 1:colcon.colcon_core.environment:checking '/home/sofiabl/puzzlebot_ws/install/puzzlebot_navigation' for CMake config files
[1.431s] Level 1:colcon.colcon_core.shell:create_environment_hook('puzzlebot_navigation', 'cmake_prefix_path')
[1.431s] INFO:colcon.colcon_core.shell:Creating environment hook '/home/sofiabl/puzzlebot_ws/install/puzzlebot_navigation/share/puzzlebot_navigation/hook/cmake_prefix_path.ps1'
[1.431s] INFO:colcon.colcon_core.shell:Creating environment descriptor '/home/sofiabl/puzzlebot_ws/install/puzzlebot_navigation/share/puzzlebot_navigation/hook/cmake_prefix_path.dsv'
[1.432s] INFO:colcon.colcon_core.shell:Creating environment hook '/home/sofiabl/puzzlebot_ws/install/puzzlebot_navigation/share/puzzlebot_navigation/hook/cmake_prefix_path.sh'
[1.432s] Level 1:colcon.colcon_core.environment:checking '/home/sofiabl/puzzlebot_ws/install/puzzlebot_navigation/bin'
[1.432s] Level 1:colcon.colcon_core.environment:checking '/home/sofiabl/puzzlebot_ws/install/puzzlebot_navigation/lib/pkgconfig/puzzlebot_navigation.pc'
[1.432s] Level 1:colcon.colcon_core.environment:checking '/home/sofiabl/puzzlebot_ws/install/puzzlebot_navigation/lib/python3.10/site-packages'
[1.433s] Level 1:colcon.colcon_core.environment:checking '/home/sofiabl/puzzlebot_ws/install/puzzlebot_navigation/bin'
[1.433s] INFO:colcon.colcon_core.shell:Creating package script '/home/sofiabl/puzzlebot_ws/install/puzzlebot_navigation/share/puzzlebot_navigation/package.ps1'
[1.434s] INFO:colcon.colcon_core.shell:Creating package descriptor '/home/sofiabl/puzzlebot_ws/install/puzzlebot_navigation/share/puzzlebot_navigation/package.dsv'
[1.434s] INFO:colcon.colcon_core.shell:Creating package script '/home/sofiabl/puzzlebot_ws/install/puzzlebot_navigation/share/puzzlebot_navigation/package.sh'
[1.434s] INFO:colcon.colcon_core.shell:Creating package script '/home/sofiabl/puzzlebot_ws/install/puzzlebot_navigation/share/puzzlebot_navigation/package.bash'
[1.435s] INFO:colcon.colcon_core.shell:Creating package script '/home/sofiabl/puzzlebot_ws/install/puzzlebot_navigation/share/puzzlebot_navigation/package.zsh'
[1.435s] Level 1:colcon.colcon_core.environment:create_file_with_runtime_dependencies(/home/sofiabl/puzzlebot_ws/install/puzzlebot_navigation/share/colcon-core/packages/puzzlebot_navigation)
[1.436s] Level 1:colcon.colcon_core.environment:create_environment_scripts_only(puzzlebot_navigation)
[1.436s] Level 1:colcon.colcon_core.environment:checking '/home/sofiabl/puzzlebot_ws/install/puzzlebot_navigation' for CMake module files
[1.436s] Level 1:colcon.colcon_core.environment:checking '/home/sofiabl/puzzlebot_ws/install/puzzlebot_navigation' for CMake config files
[1.437s] Level 1:colcon.colcon_core.shell:create_environment_hook('puzzlebot_navigation', 'cmake_prefix_path')
[1.437s] INFO:colcon.colcon_core.shell:Creating environment hook '/home/sofiabl/puzzlebot_ws/install/puzzlebot_navigation/share/puzzlebot_navigation/hook/cmake_prefix_path.ps1'
[1.437s] INFO:colcon.colcon_core.shell:Creating environment descriptor '/home/sofiabl/puzzlebot_ws/install/puzzlebot_navigation/share/puzzlebot_navigation/hook/cmake_prefix_path.dsv'
[1.437s] INFO:colcon.colcon_core.shell:Creating environment hook '/home/sofiabl/puzzlebot_ws/install/puzzlebot_navigation/share/puzzlebot_navigation/hook/cmake_prefix_path.sh'
[1.438s] Level 1:colcon.colcon_core.environment:checking '/home/sofiabl/puzzlebot_ws/install/puzzlebot_navigation/bin'
[1.438s] Level 1:colcon.colcon_core.environment:checking '/home/sofiabl/puzzlebot_ws/install/puzzlebot_navigation/lib/pkgconfig/puzzlebot_navigation.pc'
[1.438s] Level 1:colcon.colcon_core.environment:checking '/home/sofiabl/puzzlebot_ws/install/puzzlebot_navigation/lib/python3.10/site-packages'
[1.439s] Level 1:colcon.colcon_core.environment:checking '/home/sofiabl/puzzlebot_ws/install/puzzlebot_navigation/bin'
[1.439s] INFO:colcon.colcon_core.shell:Creating package script '/home/sofiabl/puzzlebot_ws/install/puzzlebot_navigation/share/puzzlebot_navigation/package.ps1'
[1.440s] INFO:colcon.colcon_core.shell:Creating package descriptor '/home/sofiabl/puzzlebot_ws/install/puzzlebot_navigation/share/puzzlebot_navigation/package.dsv'
[1.440s] INFO:colcon.colcon_core.shell:Creating package script '/home/sofiabl/puzzlebot_ws/install/puzzlebot_navigation/share/puzzlebot_navigation/package.sh'
[1.441s] INFO:colcon.colcon_core.shell:Creating package script '/home/sofiabl/puzzlebot_ws/install/puzzlebot_navigation/share/puzzlebot_navigation/package.bash'
[1.441s] INFO:colcon.colcon_core.shell:Creating package script '/home/sofiabl/puzzlebot_ws/install/puzzlebot_navigation/share/puzzlebot_navigation/package.zsh'
[1.441s] Level 1:colcon.colcon_core.environment:create_file_with_runtime_dependencies(/home/sofiabl/puzzlebot_ws/install/puzzlebot_navigation/share/colcon-core/packages/puzzlebot_navigation)
[1.442s] DEBUG:colcon.colcon_parallel_executor.executor.parallel:closing loop
[1.442s] DEBUG:colcon.colcon_parallel_executor.executor.parallel:loop closed
[1.442s] DEBUG:colcon.colcon_parallel_executor.executor.parallel:run_until_complete finished with '0'
[1.442s] DEBUG:colcon.colcon_core.event_reactor:joining thread
[1.450s] INFO:colcon.colcon_core.plugin_system:Skipping extension 'colcon_notification.desktop_notification.terminal_notifier': Not used on non-Darwin systems
[1.450s] INFO:colcon.colcon_core.plugin_system:Skipping extension 'colcon_notification.desktop_notification.win32': Not used on non-Windows systems
[1.450s] INFO:colcon.colcon_notification.desktop_notification:Sending desktop notification using 'notify2'
[1.468s] DEBUG:colcon.colcon_core.event_reactor:joined thread
[1.469s] INFO:colcon.colcon_core.shell:Creating prefix script '/home/sofiabl/puzzlebot_ws/install/local_setup.ps1'
[1.470s] INFO:colcon.colcon_core.shell:Creating prefix util module '/home/sofiabl/puzzlebot_ws/install/_local_setup_util_ps1.py'
[1.472s] INFO:colcon.colcon_core.shell:Creating prefix chain script '/home/sofiabl/puzzlebot_ws/install/setup.ps1'
[1.474s] INFO:colcon.colcon_core.shell:Creating prefix script '/home/sofiabl/puzzlebot_ws/install/local_setup.sh'
[1.475s] INFO:colcon.colcon_core.shell:Creating prefix util module '/home/sofiabl/puzzlebot_ws/install/_local_setup_util_sh.py'
[1.475s] INFO:colcon.colcon_core.shell:Creating prefix chain script '/home/sofiabl/puzzlebot_ws/install/setup.sh'
[1.477s] INFO:colcon.colcon_core.shell:Creating prefix script '/home/sofiabl/puzzlebot_ws/install/local_setup.bash'
[1.477s] INFO:colcon.colcon_core.shell:Creating prefix chain script '/home/sofiabl/puzzlebot_ws/install/setup.bash'
[1.479s] INFO:colcon.colcon_core.shell:Creating prefix script '/home/sofiabl/puzzlebot_ws/install/local_setup.zsh'
[1.479s] INFO:colcon.colcon_core.shell:Creating prefix chain script '/home/sofiabl/puzzlebot_ws/install/setup.zsh'
