[0.007s] Invoking command in '/home/sofiabl/puzzlebot_ws/build/puzzlebot_navigation': AMENT_PREFIX_PATH=/home/sofiabl/puzzlebot_ws/install/puzzlebot_gazebo:/home/sofiabl/puzzlebot_ws/install/puzzlebot_description:${AMENT_PREFIX_PATH} CMAKE_PREFIX_PATH=/home/sofiabl/puzzlebot_ws/install/puzzlebot_gazebo:/home/sofiabl/puzzlebot_ws/install/puzzlebot_description:/opt/ros/humble /usr/bin/cmake --build /home/sofiabl/puzzlebot_ws/build/puzzlebot_navigation -- -j12 -l12
[0.033s] -- Found ament_cmake: 1.3.14 (/opt/ros/humble/share/ament_cmake/cmake)
[0.150s] -- Configuring done
[0.153s] -- Generating done
[0.155s] -- Build files have been written to: /home/sofiabl/puzzlebot_ws/build/puzzlebot_navigation
[0.174s] Invoked command in '/home/sofiabl/puzzlebot_ws/build/puzzlebot_navigation' returned '0': AMENT_PREFIX_PATH=/home/sofiabl/puzzlebot_ws/install/puzzlebot_gazebo:/home/sofiabl/puzzlebot_ws/install/puzzlebot_description:${AMENT_PREFIX_PATH} CMAKE_PREFIX_PATH=/home/sofiabl/puzzlebot_ws/install/puzzlebot_gazebo:/home/sofiabl/puzzlebot_ws/install/puzzlebot_description:/opt/ros/humble /usr/bin/cmake --build /home/sofiabl/puzzlebot_ws/build/puzzlebot_navigation -- -j12 -l12
[0.175s] Invoking command in '/home/sofiabl/puzzlebot_ws/build/puzzlebot_navigation': AMENT_PREFIX_PATH=/home/sofiabl/puzzlebot_ws/install/puzzlebot_gazebo:/home/sofiabl/puzzlebot_ws/install/puzzlebot_description:${AMENT_PREFIX_PATH} CMAKE_PREFIX_PATH=/home/sofiabl/puzzlebot_ws/install/puzzlebot_gazebo:/home/sofiabl/puzzlebot_ws/install/puzzlebot_description:/opt/ros/humble /usr/bin/cmake --install /home/sofiabl/puzzlebot_ws/build/puzzlebot_navigation
[0.182s] -- Install configuration: ""
[0.182s] -- Installing: /home/sofiabl/puzzlebot_ws/install/puzzlebot_navigation/share/puzzlebot_navigation/launch
[0.182s] -- Installing: /home/sofiabl/puzzlebot_ws/install/puzzlebot_navigation/share/puzzlebot_navigation/launch/slam.launch.xml
[0.182s] -- Installing: /home/sofiabl/puzzlebot_ws/install/puzzlebot_navigation/share/puzzlebot_navigation/launch/slam_core.launch.xml
[0.183s] -- Installing: /home/sofiabl/puzzlebot_ws/install/puzzlebot_navigation/share/puzzlebot_navigation/launch/nav2.launch.xml
[0.183s] -- Installing: /home/sofiabl/puzzlebot_ws/install/puzzlebot_navigation/share/puzzlebot_navigation/launch/nav2_core.launch.xml
[0.183s] -- Installing: /home/sofiabl/puzzlebot_ws/install/puzzlebot_navigation/share/puzzlebot_navigation/maps
[0.183s] -- Installing: /home/sofiabl/puzzlebot_ws/install/puzzlebot_navigation/share/puzzlebot_navigation/rviz
[0.184s] -- Installing: /home/sofiabl/puzzlebot_ws/install/puzzlebot_navigation/share/puzzlebot_navigation/rviz/slam.rviz
[0.184s] -- Installing: /home/sofiabl/puzzlebot_ws/install/puzzlebot_navigation/share/puzzlebot_navigation/rviz/nav2.rviz
[0.184s] -- Installing: /home/sofiabl/puzzlebot_ws/install/puzzlebot_navigation/share/puzzlebot_navigation/config
[0.184s] -- Installing: /home/sofiabl/puzzlebot_ws/install/puzzlebot_navigation/share/puzzlebot_navigation/config/slam_toolbox.yaml
[0.184s] -- Installing: /home/sofiabl/puzzlebot_ws/install/puzzlebot_navigation/share/puzzlebot_navigation/config/nav2_params.yaml
[0.187s] Invoked command in '/home/sofiabl/puzzlebot_ws/build/puzzlebot_navigation' returned '0': AMENT_PREFIX_PATH=/home/sofiabl/puzzlebot_ws/install/puzzlebot_gazebo:/home/sofiabl/puzzlebot_ws/install/puzzlebot_description:${AMENT_PREFIX_PATH} CMAKE_PREFIX_PATH=/home/sofiabl/puzzlebot_ws/install/puzzlebot_gazebo:/home/sofiabl/puzzlebot_ws/install/puzzlebot_description:/opt/ros/humble /usr/bin/cmake --install /home/sofiabl/puzzlebot_ws/build/puzzlebot_navigation
