[0.006s] Invoking command in '/home/sofiabl/puzzlebot_ws/build/puzzlebot_navigation': CMAKE_PREFIX_PATH=/home/sofiabl/puzzlebot_ws/install/puzzlebot_gazebo:/home/sofiabl/puzzlebot_ws/install/puzzlebot_description:/home/sofiabl/puzzlebot_ws/install/puzzlebot_navigation:/home/sofiabl/manchester/install/tf_examples:/home/sofiabl/manchester/install/puzzlebot_sim:/opt/ros/humble /usr/bin/cmake --build /home/sofiabl/puzzlebot_ws/build/puzzlebot_navigation -- -j12 -l12
[0.033s] Invoked command in '/home/sofiabl/puzzlebot_ws/build/puzzlebot_navigation' returned '0': CMAKE_PREFIX_PATH=/home/sofiabl/puzzlebot_ws/install/puzzlebot_gazebo:/home/sofiabl/puzzlebot_ws/install/puzzlebot_description:/home/sofiabl/puzzlebot_ws/install/puzzlebot_navigation:/home/sofiabl/manchester/install/tf_examples:/home/sofiabl/manchester/install/puzzlebot_sim:/opt/ros/humble /usr/bin/cmake --build /home/sofiabl/puzzlebot_ws/build/puzzlebot_navigation -- -j12 -l12
[0.034s] Invoking command in '/home/sofiabl/puzzlebot_ws/build/puzzlebot_navigation': CMAKE_PREFIX_PATH=/home/sofiabl/puzzlebot_ws/install/puzzlebot_gazebo:/home/sofiabl/puzzlebot_ws/install/puzzlebot_description:/home/sofiabl/puzzlebot_ws/install/puzzlebot_navigation:/home/sofiabl/manchester/install/tf_examples:/home/sofiabl/manchester/install/puzzlebot_sim:/opt/ros/humble /usr/bin/cmake --install /home/sofiabl/puzzlebot_ws/build/puzzlebot_navigation
[0.040s] -- Install configuration: ""
[0.040s] -- Up-to-date: /home/sofiabl/puzzlebot_ws/install/puzzlebot_navigation/share/puzzlebot_navigation/launch
[0.040s] -- Up-to-date: /home/sofiabl/puzzlebot_ws/install/puzzlebot_navigation/share/puzzlebot_navigation/launch/slam.launch.xml
[0.040s] -- Up-to-date: /home/sofiabl/puzzlebot_ws/install/puzzlebot_navigation/share/puzzlebot_navigation/launch/slam_core.launch.xml
[0.040s] -- Up-to-date: /home/sofiabl/puzzlebot_ws/install/puzzlebot_navigation/share/puzzlebot_navigation/launch/nav2.launch.xml
[0.040s] -- Up-to-date: /home/sofiabl/puzzlebot_ws/install/puzzlebot_navigation/share/puzzlebot_navigation/launch/nav2_core.launch.xml
[0.040s] -- Up-to-date: /home/sofiabl/puzzlebot_ws/install/puzzlebot_navigation/share/puzzlebot_navigation/maps
[0.040s] -- Up-to-date: /home/sofiabl/puzzlebot_ws/install/puzzlebot_navigation/share/puzzlebot_navigation/maps/map.yaml
[0.040s] -- Up-to-date: /home/sofiabl/puzzlebot_ws/install/puzzlebot_navigation/share/puzzlebot_navigation/maps/map.pgm
[0.040s] -- Up-to-date: /home/sofiabl/puzzlebot_ws/install/puzzlebot_navigation/share/puzzlebot_navigation/maps/my_map.pgm
[0.040s] -- Up-to-date: /home/sofiabl/puzzlebot_ws/install/puzzlebot_navigation/share/puzzlebot_navigation/rviz
[0.040s] -- Up-to-date: /home/sofiabl/puzzlebot_ws/install/puzzlebot_navigation/share/puzzlebot_navigation/rviz/slam.rviz
[0.040s] -- Up-to-date: /home/sofiabl/puzzlebot_ws/install/puzzlebot_navigation/share/puzzlebot_navigation/rviz/nav2.rviz
[0.040s] -- Up-to-date: /home/sofiabl/puzzlebot_ws/install/puzzlebot_navigation/share/puzzlebot_navigation/config
[0.040s] -- Up-to-date: /home/sofiabl/puzzlebot_ws/install/puzzlebot_navigation/share/puzzlebot_navigation/config/slam_toolbox.yaml
[0.041s] -- Up-to-date: /home/sofiabl/puzzlebot_ws/install/puzzlebot_navigation/share/puzzlebot_navigation/config/nav2_params.yaml
[0.042s] Invoked command in '/home/sofiabl/puzzlebot_ws/build/puzzlebot_navigation' returned '0': CMAKE_PREFIX_PATH=/home/sofiabl/puzzlebot_ws/install/puzzlebot_gazebo:/home/sofiabl/puzzlebot_ws/install/puzzlebot_description:/home/sofiabl/puzzlebot_ws/install/puzzlebot_navigation:/home/sofiabl/manchester/install/tf_examples:/home/sofiabl/manchester/install/puzzlebot_sim:/opt/ros/humble /usr/bin/cmake --install /home/sofiabl/puzzlebot_ws/build/puzzlebot_navigation
