[0.086s] DEBUG:colcon:Command line arguments: ['/usr/bin/colcon', 'build']
[0.086s] DEBUG:colcon:Parsed command line arguments: Namespace(log_base=None, log_level=None, verb_name='build', build_base='build', install_base='install', merge_install=False, symlink_install=False, test_result_base=None, continue_on_error=False, executor='parallel', parallel_workers=12, event_handlers=None, ignore_user_meta=False, metas=['./colcon.meta'], base_paths=['.'], packages_ignore=None, packages_ignore_regex=None, paths=None, packages_up_to=None, packages_up_to_regex=None, packages_above=None, packages_above_and_dependencies=None, packages_above_depth=None, packages_select_by_dep=None, packages_skip_by_dep=None, packages_skip_up_to=None, packages_select_build_failed=False, packages_skip_build_finished=False, packages_select_test_failures=False, packages_skip_test_passed=False, packages_select=None, packages_skip=None, packages_select_regex=None, packages_skip_regex=None, packages_start=None, packages_end=None, allow_overriding=[], cmake_args=None, cmake_target=None, cmake_target_skip_unavailable=False, cmake_clean_cache=False, cmake_clean_first=False, cmake_force_configure=False, ament_cmake_args=None, catkin_cmake_args=None, catkin_skip_building_tests=False, mixin_files=None, mixin=None, verb_parser=<colcon_mixin.mixin.mixin_argument.MixinArgumentDecorator object at 0x77f52ee57010>, verb_extension=<colcon_core.verb.build.BuildVerb object at 0x77f52ee565f0>, main=<bound method BuildVerb.main of <colcon_core.verb.build.BuildVerb object at 0x77f52ee565f0>>, mixin_verb=('build',))
[0.240s] Level 1:colcon.colcon_core.package_discovery:discover_packages(colcon_meta) check parameters
[0.240s] Level 1:colcon.colcon_core.package_discovery:discover_packages(recursive) check parameters
[0.240s] Level 1:colcon.colcon_core.package_discovery:discover_packages(ignore) check parameters
[0.240s] Level 1:colcon.colcon_core.package_discovery:discover_packages(path) check parameters
[0.240s] Level 1:colcon.colcon_core.package_discovery:discover_packages(colcon_meta) discover
[0.240s] Level 1:colcon.colcon_core.package_discovery:discover_packages(recursive) discover
[0.241s] INFO:colcon.colcon_core.package_discovery:Crawling recursively for packages in '/home/sofiabl/puzzlebot_ws'
[0.241s] Level 1:colcon.colcon_core.package_identification:_identify(.) by extensions ['ignore', 'ignore_ament_install']
[0.241s] Level 1:colcon.colcon_core.package_identification:_identify(.) by extension 'ignore'
[0.241s] Level 1:colcon.colcon_core.package_identification:_identify(.) by extension 'ignore_ament_install'
[0.241s] Level 1:colcon.colcon_core.package_identification:_identify(.) by extensions ['colcon_pkg']
[0.241s] Level 1:colcon.colcon_core.package_identification:_identify(.) by extension 'colcon_pkg'
[0.241s] Level 1:colcon.colcon_core.package_identification:_identify(.) by extensions ['colcon_meta']
[0.241s] Level 1:colcon.colcon_core.package_identification:_identify(.) by extension 'colcon_meta'
[0.241s] Level 1:colcon.colcon_core.package_identification:_identify(.) by extensions ['ros']
[0.241s] Level 1:colcon.colcon_core.package_identification:_identify(.) by extension 'ros'
[0.249s] Level 1:colcon.colcon_core.package_identification:_identify(.) by extensions ['cmake', 'python']
[0.249s] Level 1:colcon.colcon_core.package_identification:_identify(.) by extension 'cmake'
[0.249s] Level 1:colcon.colcon_core.package_identification:_identify(.) by extension 'python'
[0.249s] Level 1:colcon.colcon_core.package_identification:_identify(.) by extensions ['python_setup_py']
[0.249s] Level 1:colcon.colcon_core.package_identification:_identify(.) by extension 'python_setup_py'
[0.249s] Level 1:colcon.colcon_core.package_identification:_identify(build) by extensions ['ignore', 'ignore_ament_install']
[0.249s] Level 1:colcon.colcon_core.package_identification:_identify(build) by extension 'ignore'
[0.249s] Level 1:colcon.colcon_core.package_identification:_identify(build) ignored
[0.249s] Level 1:colcon.colcon_core.package_identification:_identify(install) by extensions ['ignore', 'ignore_ament_install']
[0.250s] Level 1:colcon.colcon_core.package_identification:_identify(install) by extension 'ignore'
[0.250s] Level 1:colcon.colcon_core.package_identification:_identify(install) ignored
[0.250s] Level 1:colcon.colcon_core.package_identification:_identify(log) by extensions ['ignore', 'ignore_ament_install']
[0.250s] Level 1:colcon.colcon_core.package_identification:_identify(log) by extension 'ignore'
[0.250s] Level 1:colcon.colcon_core.package_identification:_identify(log) ignored
[0.250s] Level 1:colcon.colcon_core.package_identification:_identify(src) by extensions ['ignore', 'ignore_ament_install']
[0.250s] Level 1:colcon.colcon_core.package_identification:_identify(src) by extension 'ignore'
[0.250s] Level 1:colcon.colcon_core.package_identification:_identify(src) by extension 'ignore_ament_install'
[0.250s] Level 1:colcon.colcon_core.package_identification:_identify(src) by extensions ['colcon_pkg']
[0.250s] Level 1:colcon.colcon_core.package_identification:_identify(src) by extension 'colcon_pkg'
[0.250s] Level 1:colcon.colcon_core.package_identification:_identify(src) by extensions ['colcon_meta']
[0.250s] Level 1:colcon.colcon_core.package_identification:_identify(src) by extension 'colcon_meta'
[0.250s] Level 1:colcon.colcon_core.package_identification:_identify(src) by extensions ['ros']
[0.250s] Level 1:colcon.colcon_core.package_identification:_identify(src) by extension 'ros'
[0.250s] Level 1:colcon.colcon_core.package_identification:_identify(src) by extensions ['cmake', 'python']
[0.250s] Level 1:colcon.colcon_core.package_identification:_identify(src) by extension 'cmake'
[0.250s] Level 1:colcon.colcon_core.package_identification:_identify(src) by extension 'python'
[0.250s] Level 1:colcon.colcon_core.package_identification:_identify(src) by extensions ['python_setup_py']
[0.250s] Level 1:colcon.colcon_core.package_identification:_identify(src) by extension 'python_setup_py'
[0.250s] Level 1:colcon.colcon_core.package_identification:_identify(src/puzzlebot_ros2) by extensions ['ignore', 'ignore_ament_install']
[0.250s] Level 1:colcon.colcon_core.package_identification:_identify(src/puzzlebot_ros2) by extension 'ignore'
[0.250s] Level 1:colcon.colcon_core.package_identification:_identify(src/puzzlebot_ros2) by extension 'ignore_ament_install'
[0.251s] Level 1:colcon.colcon_core.package_identification:_identify(src/puzzlebot_ros2) by extensions ['colcon_pkg']
[0.251s] Level 1:colcon.colcon_core.package_identification:_identify(src/puzzlebot_ros2) by extension 'colcon_pkg'
[0.251s] Level 1:colcon.colcon_core.package_identification:_identify(src/puzzlebot_ros2) by extensions ['colcon_meta']
[0.251s] Level 1:colcon.colcon_core.package_identification:_identify(src/puzzlebot_ros2) by extension 'colcon_meta'
[0.251s] Level 1:colcon.colcon_core.package_identification:_identify(src/puzzlebot_ros2) by extensions ['ros']
[0.251s] Level 1:colcon.colcon_core.package_identification:_identify(src/puzzlebot_ros2) by extension 'ros'
[0.251s] Level 1:colcon.colcon_core.package_identification:_identify(src/puzzlebot_ros2) by extensions ['cmake', 'python']
[0.251s] Level 1:colcon.colcon_core.package_identification:_identify(src/puzzlebot_ros2) by extension 'cmake'
[0.251s] Level 1:colcon.colcon_core.package_identification:_identify(src/puzzlebot_ros2) by extension 'python'
[0.251s] Level 1:colcon.colcon_core.package_identification:_identify(src/puzzlebot_ros2) by extensions ['python_setup_py']
[0.251s] Level 1:colcon.colcon_core.package_identification:_identify(src/puzzlebot_ros2) by extension 'python_setup_py'
[0.251s] Level 1:colcon.colcon_core.package_identification:_identify(src/puzzlebot_ros2/puzzlebot_description) by extensions ['ignore', 'ignore_ament_install']
[0.251s] Level 1:colcon.colcon_core.package_identification:_identify(src/puzzlebot_ros2/puzzlebot_description) by extension 'ignore'
[0.251s] Level 1:colcon.colcon_core.package_identification:_identify(src/puzzlebot_ros2/puzzlebot_description) by extension 'ignore_ament_install'
[0.251s] Level 1:colcon.colcon_core.package_identification:_identify(src/puzzlebot_ros2/puzzlebot_description) by extensions ['colcon_pkg']
[0.251s] Level 1:colcon.colcon_core.package_identification:_identify(src/puzzlebot_ros2/puzzlebot_description) by extension 'colcon_pkg'
[0.251s] Level 1:colcon.colcon_core.package_identification:_identify(src/puzzlebot_ros2/puzzlebot_description) by extensions ['colcon_meta']
[0.251s] Level 1:colcon.colcon_core.package_identification:_identify(src/puzzlebot_ros2/puzzlebot_description) by extension 'colcon_meta'
[0.251s] Level 1:colcon.colcon_core.package_identification:_identify(src/puzzlebot_ros2/puzzlebot_description) by extensions ['ros']
[0.251s] Level 1:colcon.colcon_core.package_identification:_identify(src/puzzlebot_ros2/puzzlebot_description) by extension 'ros'
[0.253s] DEBUG:colcon.colcon_core.package_identification:Package 'src/puzzlebot_ros2/puzzlebot_description' with type 'ros.ament_cmake' and name 'puzzlebot_description'
[0.254s] Level 1:colcon.colcon_core.package_identification:_identify(src/puzzlebot_ros2/puzzlebot_gazebo) by extensions ['ignore', 'ignore_ament_install']
[0.254s] Level 1:colcon.colcon_core.package_identification:_identify(src/puzzlebot_ros2/puzzlebot_gazebo) by extension 'ignore'
[0.254s] Level 1:colcon.colcon_core.package_identification:_identify(src/puzzlebot_ros2/puzzlebot_gazebo) by extension 'ignore_ament_install'
[0.254s] Level 1:colcon.colcon_core.package_identification:_identify(src/puzzlebot_ros2/puzzlebot_gazebo) by extensions ['colcon_pkg']
[0.254s] Level 1:colcon.colcon_core.package_identification:_identify(src/puzzlebot_ros2/puzzlebot_gazebo) by extension 'colcon_pkg'
[0.254s] Level 1:colcon.colcon_core.package_identification:_identify(src/puzzlebot_ros2/puzzlebot_gazebo) by extensions ['colcon_meta']
[0.254s] Level 1:colcon.colcon_core.package_identification:_identify(src/puzzlebot_ros2/puzzlebot_gazebo) by extension 'colcon_meta'
[0.254s] Level 1:colcon.colcon_core.package_identification:_identify(src/puzzlebot_ros2/puzzlebot_gazebo) by extensions ['ros']
[0.254s] Level 1:colcon.colcon_core.package_identification:_identify(src/puzzlebot_ros2/puzzlebot_gazebo) by extension 'ros'
[0.254s] DEBUG:colcon.colcon_core.package_identification:Package 'src/puzzlebot_ros2/puzzlebot_gazebo' with type 'ros.ament_cmake' and name 'puzzlebot_gazebo'
[0.254s] Level 1:colcon.colcon_core.package_identification:_identify(src/puzzlebot_ros2/puzzlebot_navigation) by extensions ['ignore', 'ignore_ament_install']
[0.254s] Level 1:colcon.colcon_core.package_identification:_identify(src/puzzlebot_ros2/puzzlebot_navigation) by extension 'ignore'
[0.255s] Level 1:colcon.colcon_core.package_identification:_identify(src/puzzlebot_ros2/puzzlebot_navigation) by extension 'ignore_ament_install'
[0.255s] Level 1:colcon.colcon_core.package_identification:_identify(src/puzzlebot_ros2/puzzlebot_navigation) by extensions ['colcon_pkg']
[0.255s] Level 1:colcon.colcon_core.package_identification:_identify(src/puzzlebot_ros2/puzzlebot_navigation) by extension 'colcon_pkg'
[0.255s] Level 1:colcon.colcon_core.package_identification:_identify(src/puzzlebot_ros2/puzzlebot_navigation) by extensions ['colcon_meta']
[0.255s] Level 1:colcon.colcon_core.package_identification:_identify(src/puzzlebot_ros2/puzzlebot_navigation) by extension 'colcon_meta'
[0.255s] Level 1:colcon.colcon_core.package_identification:_identify(src/puzzlebot_ros2/puzzlebot_navigation) by extensions ['ros']
[0.255s] Level 1:colcon.colcon_core.package_identification:_identify(src/puzzlebot_ros2/puzzlebot_navigation) by extension 'ros'
[0.255s] DEBUG:colcon.colcon_core.package_identification:Package 'src/puzzlebot_ros2/puzzlebot_navigation' with type 'ros.ament_cmake' and name 'puzzlebot_navigation'
[0.255s] Level 1:colcon.colcon_core.package_discovery:discover_packages(recursive) using defaults
[0.255s] Level 1:colcon.colcon_core.package_discovery:discover_packages(ignore) discover
[0.255s] Level 1:colcon.colcon_core.package_discovery:discover_packages(ignore) using defaults
[0.255s] Level 1:colcon.colcon_core.package_discovery:discover_packages(path) discover
[0.255s] Level 1:colcon.colcon_core.package_discovery:discover_packages(path) using defaults
[0.276s] Level 1:colcon.colcon_core.package_discovery:discover_packages(prefix_path) check parameters
[0.276s] Level 1:colcon.colcon_core.package_discovery:discover_packages(prefix_path) discover
[0.278s] DEBUG:colcon.colcon_installed_package_information.package_discovery:Found 3 installed packages in /home/sofiabl/puzzlebot_ws/install
[0.279s] DEBUG:colcon.colcon_installed_package_information.package_discovery:Found 491 installed packages in /opt/ros/humble
[0.281s] Level 1:colcon.colcon_core.package_discovery:discover_packages(prefix_path) using defaults
[0.326s] Level 5:colcon.colcon_core.verb:set package 'puzzlebot_description' build argument 'cmake_args' from command line to 'None'
[0.326s] Level 5:colcon.colcon_core.verb:set package 'puzzlebot_description' build argument 'cmake_target' from command line to 'None'
[0.326s] Level 5:colcon.colcon_core.verb:set package 'puzzlebot_description' build argument 'cmake_target_skip_unavailable' from command line to 'False'
[0.326s] Level 5:colcon.colcon_core.verb:set package 'puzzlebot_description' build argument 'cmake_clean_cache' from command line to 'False'
[0.326s] Level 5:colcon.colcon_core.verb:set package 'puzzlebot_description' build argument 'cmake_clean_first' from command line to 'False'
[0.327s] Level 5:colcon.colcon_core.verb:set package 'puzzlebot_description' build argument 'cmake_force_configure' from command line to 'False'
[0.327s] Level 5:colcon.colcon_core.verb:set package 'puzzlebot_description' build argument 'ament_cmake_args' from command line to 'None'
[0.327s] Level 5:colcon.colcon_core.verb:set package 'puzzlebot_description' build argument 'catkin_cmake_args' from command line to 'None'
[0.327s] Level 5:colcon.colcon_core.verb:set package 'puzzlebot_description' build argument 'catkin_skip_building_tests' from command line to 'False'
[0.327s] DEBUG:colcon.colcon_core.verb:Building package 'puzzlebot_description' with the following arguments: {'ament_cmake_args': None, 'build_base': '/home/sofiabl/puzzlebot_ws/build/puzzlebot_description', 'catkin_cmake_args': None, 'catkin_skip_building_tests': False, 'cmake_args': None, 'cmake_clean_cache': False, 'cmake_clean_first': False, 'cmake_force_configure': False, 'cmake_target': None, 'cmake_target_skip_unavailable': False, 'install_base': '/home/sofiabl/puzzlebot_ws/install/puzzlebot_description', 'merge_install': False, 'path': '/home/sofiabl/puzzlebot_ws/src/puzzlebot_ros2/puzzlebot_description', 'symlink_install': False, 'test_result_base': None}
[0.327s] Level 5:colcon.colcon_core.verb:set package 'puzzlebot_gazebo' build argument 'cmake_args' from command line to 'None'
[0.327s] Level 5:colcon.colcon_core.verb:set package 'puzzlebot_gazebo' build argument 'cmake_target' from command line to 'None'
[0.327s] Level 5:colcon.colcon_core.verb:set package 'puzzlebot_gazebo' build argument 'cmake_target_skip_unavailable' from command line to 'False'
[0.327s] Level 5:colcon.colcon_core.verb:set package 'puzzlebot_gazebo' build argument 'cmake_clean_cache' from command line to 'False'
[0.327s] Level 5:colcon.colcon_core.verb:set package 'puzzlebot_gazebo' build argument 'cmake_clean_first' from command line to 'False'
[0.327s] Level 5:colcon.colcon_core.verb:set package 'puzzlebot_gazebo' build argument 'cmake_force_configure' from command line to 'False'
[0.327s] Level 5:colcon.colcon_core.verb:set package 'puzzlebot_gazebo' build argument 'ament_cmake_args' from command line to 'None'
[0.327s] Level 5:colcon.colcon_core.verb:set package 'puzzlebot_gazebo' build argument 'catkin_cmake_args' from command line to 'None'
[0.327s] Level 5:colcon.colcon_core.verb:set package 'puzzlebot_gazebo' build argument 'catkin_skip_building_tests' from command line to 'False'
[0.327s] DEBUG:colcon.colcon_core.verb:Building package 'puzzlebot_gazebo' with the following arguments: {'ament_cmake_args': None, 'build_base': '/home/sofiabl/puzzlebot_ws/build/puzzlebot_gazebo', 'catkin_cmake_args': None, 'catkin_skip_building_tests': False, 'cmake_args': None, 'cmake_clean_cache': False, 'cmake_clean_first': False, 'cmake_force_configure': False, 'cmake_target': None, 'cmake_target_skip_unavailable': False, 'install_base': '/home/sofiabl/puzzlebot_ws/install/puzzlebot_gazebo', 'merge_install': False, 'path': '/home/sofiabl/puzzlebot_ws/src/puzzlebot_ros2/puzzlebot_gazebo', 'symlink_install': False, 'test_result_base': None}
[0.327s] Level 5:colcon.colcon_core.verb:set package 'puzzlebot_navigation' build argument 'cmake_args' from command line to 'None'
[0.327s] Level 5:colcon.colcon_core.verb:set package 'puzzlebot_navigation' build argument 'cmake_target' from command line to 'None'
[0.327s] Level 5:colcon.colcon_core.verb:set package 'puzzlebot_navigation' build argument 'cmake_target_skip_unavailable' from command line to 'False'
[0.327s] Level 5:colcon.colcon_core.verb:set package 'puzzlebot_navigation' build argument 'cmake_clean_cache' from command line to 'False'
[0.328s] Level 5:colcon.colcon_core.verb:set package 'puzzlebot_navigation' build argument 'cmake_clean_first' from command line to 'False'
[0.328s] Level 5:colcon.colcon_core.verb:set package 'puzzlebot_navigation' build argument 'cmake_force_configure' from command line to 'False'
[0.328s] Level 5:colcon.colcon_core.verb:set package 'puzzlebot_navigation' build argument 'ament_cmake_args' from command line to 'None'
[0.328s] Level 5:colcon.colcon_core.verb:set package 'puzzlebot_navigation' build argument 'catkin_cmake_args' from command line to 'None'
[0.328s] Level 5:colcon.colcon_core.verb:set package 'puzzlebot_navigation' build argument 'catkin_skip_building_tests' from command line to 'False'
[0.328s] DEBUG:colcon.colcon_core.verb:Building package 'puzzlebot_navigation' with the following arguments: {'ament_cmake_args': None, 'build_base': '/home/sofiabl/puzzlebot_ws/build/puzzlebot_navigation', 'catkin_cmake_args': None, 'catkin_skip_building_tests': False, 'cmake_args': None, 'cmake_clean_cache': False, 'cmake_clean_first': False, 'cmake_force_configure': False, 'cmake_target': None, 'cmake_target_skip_unavailable': False, 'install_base': '/home/sofiabl/puzzlebot_ws/install/puzzlebot_navigation', 'merge_install': False, 'path': '/home/sofiabl/puzzlebot_ws/src/puzzlebot_ros2/puzzlebot_navigation', 'symlink_install': False, 'test_result_base': None}
[0.328s] INFO:colcon.colcon_core.executor:Executing jobs using 'parallel' executor
[0.329s] DEBUG:colcon.colcon_parallel_executor.executor.parallel:run_until_complete
[0.329s] INFO:colcon.colcon_ros.task.ament_cmake.build:Building ROS package in '/home/sofiabl/puzzlebot_ws/src/puzzlebot_ros2/puzzlebot_description' with build type 'ament_cmake'
[0.329s] INFO:colcon.colcon_cmake.task.cmake.build:Building CMake package in '/home/sofiabl/puzzlebot_ws/src/puzzlebot_ros2/puzzlebot_description'
[0.330s] INFO:colcon.colcon_core.plugin_system:Skipping extension 'colcon_core.shell.bat': Not used on non-Windows systems
[0.330s] INFO:colcon.colcon_core.shell:Skip shell extension 'powershell' for command environment: Not usable outside of PowerShell
[0.330s] DEBUG:colcon.colcon_core.shell:Skip shell extension 'dsv' for command environment
[0.337s] DEBUG:colcon.colcon_core.event_handler.log_command:Invoking command in '/home/sofiabl/puzzlebot_ws/build/puzzlebot_description': CMAKE_PREFIX_PATH=${CMAKE_PREFIX_PATH}:/opt/ros/humble /usr/bin/cmake --build /home/sofiabl/puzzlebot_ws/build/puzzlebot_description -- -j12 -l12
[0.364s] DEBUG:colcon.colcon_core.event_handler.log_command:Invoked command in '/home/sofiabl/puzzlebot_ws/build/puzzlebot_description' returned '0': CMAKE_PREFIX_PATH=${CMAKE_PREFIX_PATH}:/opt/ros/humble /usr/bin/cmake --build /home/sofiabl/puzzlebot_ws/build/puzzlebot_description -- -j12 -l12
[0.370s] DEBUG:colcon.colcon_core.event_handler.log_command:Invoking command in '/home/sofiabl/puzzlebot_ws/build/puzzlebot_description': CMAKE_PREFIX_PATH=${CMAKE_PREFIX_PATH}:/opt/ros/humble /usr/bin/cmake --install /home/sofiabl/puzzlebot_ws/build/puzzlebot_description
[0.377s] Level 1:colcon.colcon_core.environment:create_environment_scripts_only(puzzlebot_description)
[0.378s] DEBUG:colcon.colcon_core.event_handler.log_command:Invoked command in '/home/sofiabl/puzzlebot_ws/build/puzzlebot_description' returned '0': CMAKE_PREFIX_PATH=${CMAKE_PREFIX_PATH}:/opt/ros/humble /usr/bin/cmake --install /home/sofiabl/puzzlebot_ws/build/puzzlebot_description
[0.379s] Level 1:colcon.colcon_core.environment:checking '/home/sofiabl/puzzlebot_ws/install/puzzlebot_description' for CMake module files
[0.380s] Level 1:colcon.colcon_core.environment:checking '/home/sofiabl/puzzlebot_ws/install/puzzlebot_description' for CMake config files
[0.380s] Level 1:colcon.colcon_core.shell:create_environment_hook('puzzlebot_description', 'cmake_prefix_path')
[0.380s] INFO:colcon.colcon_core.shell:Creating environment hook '/home/sofiabl/puzzlebot_ws/install/puzzlebot_description/share/puzzlebot_description/hook/cmake_prefix_path.ps1'
[0.381s] INFO:colcon.colcon_core.shell:Creating environment descriptor '/home/sofiabl/puzzlebot_ws/install/puzzlebot_description/share/puzzlebot_description/hook/cmake_prefix_path.dsv'
[0.381s] INFO:colcon.colcon_core.shell:Creating environment hook '/home/sofiabl/puzzlebot_ws/install/puzzlebot_description/share/puzzlebot_description/hook/cmake_prefix_path.sh'
[0.382s] Level 1:colcon.colcon_core.environment:checking '/home/sofiabl/puzzlebot_ws/install/puzzlebot_description/bin'
[0.382s] Level 1:colcon.colcon_core.environment:checking '/home/sofiabl/puzzlebot_ws/install/puzzlebot_description/lib/pkgconfig/puzzlebot_description.pc'
[0.382s] Level 1:colcon.colcon_core.environment:checking '/home/sofiabl/puzzlebot_ws/install/puzzlebot_description/lib/python3.10/site-packages'
[0.382s] Level 1:colcon.colcon_core.environment:checking '/home/sofiabl/puzzlebot_ws/install/puzzlebot_description/bin'
[0.382s] INFO:colcon.colcon_core.shell:Creating package script '/home/sofiabl/puzzlebot_ws/install/puzzlebot_description/share/puzzlebot_description/package.ps1'
[0.383s] INFO:colcon.colcon_core.shell:Creating package descriptor '/home/sofiabl/puzzlebot_ws/install/puzzlebot_description/share/puzzlebot_description/package.dsv'
[0.384s] INFO:colcon.colcon_core.shell:Creating package script '/home/sofiabl/puzzlebot_ws/install/puzzlebot_description/share/puzzlebot_description/package.sh'
[0.384s] INFO:colcon.colcon_core.shell:Creating package script '/home/sofiabl/puzzlebot_ws/install/puzzlebot_description/share/puzzlebot_description/package.bash'
[0.385s] INFO:colcon.colcon_core.shell:Creating package script '/home/sofiabl/puzzlebot_ws/install/puzzlebot_description/share/puzzlebot_description/package.zsh'
[0.385s] Level 1:colcon.colcon_core.environment:create_file_with_runtime_dependencies(/home/sofiabl/puzzlebot_ws/install/puzzlebot_description/share/colcon-core/packages/puzzlebot_description)
[0.386s] Level 1:colcon.colcon_core.environment:create_environment_scripts_only(puzzlebot_description)
[0.386s] Level 1:colcon.colcon_core.environment:checking '/home/sofiabl/puzzlebot_ws/install/puzzlebot_description' for CMake module files
[0.386s] Level 1:colcon.colcon_core.environment:checking '/home/sofiabl/puzzlebot_ws/install/puzzlebot_description' for CMake config files
[0.387s] Level 1:colcon.colcon_core.shell:create_environment_hook('puzzlebot_description', 'cmake_prefix_path')
[0.387s] INFO:colcon.colcon_core.shell:Creating environment hook '/home/sofiabl/puzzlebot_ws/install/puzzlebot_description/share/puzzlebot_description/hook/cmake_prefix_path.ps1'
[0.387s] INFO:colcon.colcon_core.shell:Creating environment descriptor '/home/sofiabl/puzzlebot_ws/install/puzzlebot_description/share/puzzlebot_description/hook/cmake_prefix_path.dsv'
[0.387s] INFO:colcon.colcon_core.shell:Creating environment hook '/home/sofiabl/puzzlebot_ws/install/puzzlebot_description/share/puzzlebot_description/hook/cmake_prefix_path.sh'
[0.388s] Level 1:colcon.colcon_core.environment:checking '/home/sofiabl/puzzlebot_ws/install/puzzlebot_description/bin'
[0.388s] Level 1:colcon.colcon_core.environment:checking '/home/sofiabl/puzzlebot_ws/install/puzzlebot_description/lib/pkgconfig/puzzlebot_description.pc'
[0.388s] Level 1:colcon.colcon_core.environment:checking '/home/sofiabl/puzzlebot_ws/install/puzzlebot_description/lib/python3.10/site-packages'
[0.388s] Level 1:colcon.colcon_core.environment:checking '/home/sofiabl/puzzlebot_ws/install/puzzlebot_description/bin'
[0.388s] INFO:colcon.colcon_core.shell:Creating package script '/home/sofiabl/puzzlebot_ws/install/puzzlebot_description/share/puzzlebot_description/package.ps1'
[0.389s] INFO:colcon.colcon_core.shell:Creating package descriptor '/home/sofiabl/puzzlebot_ws/install/puzzlebot_description/share/puzzlebot_description/package.dsv'
[0.389s] INFO:colcon.colcon_core.shell:Creating package script '/home/sofiabl/puzzlebot_ws/install/puzzlebot_description/share/puzzlebot_description/package.sh'
[0.390s] INFO:colcon.colcon_core.shell:Creating package script '/home/sofiabl/puzzlebot_ws/install/puzzlebot_description/share/puzzlebot_description/package.bash'
[0.390s] INFO:colcon.colcon_core.shell:Creating package script '/home/sofiabl/puzzlebot_ws/install/puzzlebot_description/share/puzzlebot_description/package.zsh'
[0.390s] Level 1:colcon.colcon_core.environment:create_file_with_runtime_dependencies(/home/sofiabl/puzzlebot_ws/install/puzzlebot_description/share/colcon-core/packages/puzzlebot_description)
[0.391s] INFO:colcon.colcon_ros.task.ament_cmake.build:Building ROS package in '/home/sofiabl/puzzlebot_ws/src/puzzlebot_ros2/puzzlebot_gazebo' with build type 'ament_cmake'
[0.391s] INFO:colcon.colcon_cmake.task.cmake.build:Building CMake package in '/home/sofiabl/puzzlebot_ws/src/puzzlebot_ros2/puzzlebot_gazebo'
[0.391s] INFO:colcon.colcon_core.shell:Skip shell extension 'powershell' for command environment: Not usable outside of PowerShell
[0.391s] DEBUG:colcon.colcon_core.shell:Skip shell extension 'dsv' for command environment
[0.397s] DEBUG:colcon.colcon_core.event_handler.log_command:Invoking command in '/home/sofiabl/puzzlebot_ws/build/puzzlebot_gazebo': CMAKE_PREFIX_PATH=/home/sofiabl/puzzlebot_ws/install/puzzlebot_description:/home/sofiabl/puzzlebot_ws/install/puzzlebot_navigation:/home/sofiabl/puzzlebot_ws/install/puzzlebot_gazebo:/opt/ros/humble /usr/bin/cmake --build /home/sofiabl/puzzlebot_ws/build/puzzlebot_gazebo -- -j12 -l12
[0.424s] DEBUG:colcon.colcon_core.event_handler.log_command:Invoked command in '/home/sofiabl/puzzlebot_ws/build/puzzlebot_gazebo' returned '0': CMAKE_PREFIX_PATH=/home/sofiabl/puzzlebot_ws/install/puzzlebot_description:/home/sofiabl/puzzlebot_ws/install/puzzlebot_navigation:/home/sofiabl/puzzlebot_ws/install/puzzlebot_gazebo:/opt/ros/humble /usr/bin/cmake --build /home/sofiabl/puzzlebot_ws/build/puzzlebot_gazebo -- -j12 -l12
[0.425s] DEBUG:colcon.colcon_core.event_handler.log_command:Invoking command in '/home/sofiabl/puzzlebot_ws/build/puzzlebot_gazebo': CMAKE_PREFIX_PATH=/home/sofiabl/puzzlebot_ws/install/puzzlebot_description:/home/sofiabl/puzzlebot_ws/install/puzzlebot_navigation:/home/sofiabl/puzzlebot_ws/install/puzzlebot_gazebo:/opt/ros/humble /usr/bin/cmake --install /home/sofiabl/puzzlebot_ws/build/puzzlebot_gazebo
[0.432s] Level 1:colcon.colcon_core.environment:create_environment_scripts_only(puzzlebot_gazebo)
[0.432s] Level 1:colcon.colcon_core.environment:checking '/home/sofiabl/puzzlebot_ws/install/puzzlebot_gazebo' for CMake module files
[0.432s] DEBUG:colcon.colcon_core.event_handler.log_command:Invoked command in '/home/sofiabl/puzzlebot_ws/build/puzzlebot_gazebo' returned '0': CMAKE_PREFIX_PATH=/home/sofiabl/puzzlebot_ws/install/puzzlebot_description:/home/sofiabl/puzzlebot_ws/install/puzzlebot_navigation:/home/sofiabl/puzzlebot_ws/install/puzzlebot_gazebo:/opt/ros/humble /usr/bin/cmake --install /home/sofiabl/puzzlebot_ws/build/puzzlebot_gazebo
[0.433s] Level 1:colcon.colcon_core.environment:checking '/home/sofiabl/puzzlebot_ws/install/puzzlebot_gazebo' for CMake config files
[0.433s] Level 1:colcon.colcon_core.shell:create_environment_hook('puzzlebot_gazebo', 'cmake_prefix_path')
[0.433s] INFO:colcon.colcon_core.shell:Creating environment hook '/home/sofiabl/puzzlebot_ws/install/puzzlebot_gazebo/share/puzzlebot_gazebo/hook/cmake_prefix_path.ps1'
[0.433s] INFO:colcon.colcon_core.shell:Creating environment descriptor '/home/sofiabl/puzzlebot_ws/install/puzzlebot_gazebo/share/puzzlebot_gazebo/hook/cmake_prefix_path.dsv'
[0.434s] INFO:colcon.colcon_core.shell:Creating environment hook '/home/sofiabl/puzzlebot_ws/install/puzzlebot_gazebo/share/puzzlebot_gazebo/hook/cmake_prefix_path.sh'
[0.434s] Level 1:colcon.colcon_core.environment:checking '/home/sofiabl/puzzlebot_ws/install/puzzlebot_gazebo/bin'
[0.434s] Level 1:colcon.colcon_core.environment:checking '/home/sofiabl/puzzlebot_ws/install/puzzlebot_gazebo/lib/pkgconfig/puzzlebot_gazebo.pc'
[0.434s] Level 1:colcon.colcon_core.environment:checking '/home/sofiabl/puzzlebot_ws/install/puzzlebot_gazebo/lib/python3.10/site-packages'
[0.435s] Level 1:colcon.colcon_core.environment:checking '/home/sofiabl/puzzlebot_ws/install/puzzlebot_gazebo/bin'
[0.435s] INFO:colcon.colcon_core.shell:Creating package script '/home/sofiabl/puzzlebot_ws/install/puzzlebot_gazebo/share/puzzlebot_gazebo/package.ps1'
[0.435s] INFO:colcon.colcon_core.shell:Creating package descriptor '/home/sofiabl/puzzlebot_ws/install/puzzlebot_gazebo/share/puzzlebot_gazebo/package.dsv'
[0.436s] INFO:colcon.colcon_core.shell:Creating package script '/home/sofiabl/puzzlebot_ws/install/puzzlebot_gazebo/share/puzzlebot_gazebo/package.sh'
[0.436s] INFO:colcon.colcon_core.shell:Creating package script '/home/sofiabl/puzzlebot_ws/install/puzzlebot_gazebo/share/puzzlebot_gazebo/package.bash'
[0.436s] INFO:colcon.colcon_core.shell:Creating package script '/home/sofiabl/puzzlebot_ws/install/puzzlebot_gazebo/share/puzzlebot_gazebo/package.zsh'
[0.437s] Level 1:colcon.colcon_core.environment:create_file_with_runtime_dependencies(/home/sofiabl/puzzlebot_ws/install/puzzlebot_gazebo/share/colcon-core/packages/puzzlebot_gazebo)
[0.437s] Level 1:colcon.colcon_core.environment:create_environment_scripts_only(puzzlebot_gazebo)
[0.437s] Level 1:colcon.colcon_core.environment:checking '/home/sofiabl/puzzlebot_ws/install/puzzlebot_gazebo' for CMake module files
[0.438s] Level 1:colcon.colcon_core.environment:checking '/home/sofiabl/puzzlebot_ws/install/puzzlebot_gazebo' for CMake config files
[0.438s] Level 1:colcon.colcon_core.shell:create_environment_hook('puzzlebot_gazebo', 'cmake_prefix_path')
[0.438s] INFO:colcon.colcon_core.shell:Creating environment hook '/home/sofiabl/puzzlebot_ws/install/puzzlebot_gazebo/share/puzzlebot_gazebo/hook/cmake_prefix_path.ps1'
[0.438s] INFO:colcon.colcon_core.shell:Creating environment descriptor '/home/sofiabl/puzzlebot_ws/install/puzzlebot_gazebo/share/puzzlebot_gazebo/hook/cmake_prefix_path.dsv'
[0.439s] INFO:colcon.colcon_core.shell:Creating environment hook '/home/sofiabl/puzzlebot_ws/install/puzzlebot_gazebo/share/puzzlebot_gazebo/hook/cmake_prefix_path.sh'
[0.439s] Level 1:colcon.colcon_core.environment:checking '/home/sofiabl/puzzlebot_ws/install/puzzlebot_gazebo/bin'
[0.439s] Level 1:colcon.colcon_core.environment:checking '/home/sofiabl/puzzlebot_ws/install/puzzlebot_gazebo/lib/pkgconfig/puzzlebot_gazebo.pc'
[0.439s] Level 1:colcon.colcon_core.environment:checking '/home/sofiabl/puzzlebot_ws/install/puzzlebot_gazebo/lib/python3.10/site-packages'
[0.440s] Level 1:colcon.colcon_core.environment:checking '/home/sofiabl/puzzlebot_ws/install/puzzlebot_gazebo/bin'
[0.440s] INFO:colcon.colcon_core.shell:Creating package script '/home/sofiabl/puzzlebot_ws/install/puzzlebot_gazebo/share/puzzlebot_gazebo/package.ps1'
[0.440s] INFO:colcon.colcon_core.shell:Creating package descriptor '/home/sofiabl/puzzlebot_ws/install/puzzlebot_gazebo/share/puzzlebot_gazebo/package.dsv'
[0.441s] INFO:colcon.colcon_core.shell:Creating package script '/home/sofiabl/puzzlebot_ws/install/puzzlebot_gazebo/share/puzzlebot_gazebo/package.sh'
[0.441s] INFO:colcon.colcon_core.shell:Creating package script '/home/sofiabl/puzzlebot_ws/install/puzzlebot_gazebo/share/puzzlebot_gazebo/package.bash'
[0.441s] INFO:colcon.colcon_core.shell:Creating package script '/home/sofiabl/puzzlebot_ws/install/puzzlebot_gazebo/share/puzzlebot_gazebo/package.zsh'
[0.442s] Level 1:colcon.colcon_core.environment:create_file_with_runtime_dependencies(/home/sofiabl/puzzlebot_ws/install/puzzlebot_gazebo/share/colcon-core/packages/puzzlebot_gazebo)
[0.442s] INFO:colcon.colcon_ros.task.ament_cmake.build:Building ROS package in '/home/sofiabl/puzzlebot_ws/src/puzzlebot_ros2/puzzlebot_navigation' with build type 'ament_cmake'
[0.442s] INFO:colcon.colcon_cmake.task.cmake.build:Building CMake package in '/home/sofiabl/puzzlebot_ws/src/puzzlebot_ros2/puzzlebot_navigation'
[0.442s] INFO:colcon.colcon_core.shell:Skip shell extension 'powershell' for command environment: Not usable outside of PowerShell
[0.442s] DEBUG:colcon.colcon_core.shell:Skip shell extension 'dsv' for command environment
[0.449s] DEBUG:colcon.colcon_core.event_handler.log_command:Invoking command in '/home/sofiabl/puzzlebot_ws/build/puzzlebot_navigation': CMAKE_PREFIX_PATH=/home/sofiabl/puzzlebot_ws/install/puzzlebot_gazebo:/home/sofiabl/puzzlebot_ws/install/puzzlebot_description:/home/sofiabl/puzzlebot_ws/install/puzzlebot_navigation:/opt/ros/humble /usr/bin/cmake --build /home/sofiabl/puzzlebot_ws/build/puzzlebot_navigation -- -j12 -l12
[0.474s] DEBUG:colcon.colcon_core.event_handler.log_command:Invoked command in '/home/sofiabl/puzzlebot_ws/build/puzzlebot_navigation' returned '0': CMAKE_PREFIX_PATH=/home/sofiabl/puzzlebot_ws/install/puzzlebot_gazebo:/home/sofiabl/puzzlebot_ws/install/puzzlebot_description:/home/sofiabl/puzzlebot_ws/install/puzzlebot_navigation:/opt/ros/humble /usr/bin/cmake --build /home/sofiabl/puzzlebot_ws/build/puzzlebot_navigation -- -j12 -l12
[0.475s] DEBUG:colcon.colcon_core.event_handler.log_command:Invoking command in '/home/sofiabl/puzzlebot_ws/build/puzzlebot_navigation': CMAKE_PREFIX_PATH=/home/sofiabl/puzzlebot_ws/install/puzzlebot_gazebo:/home/sofiabl/puzzlebot_ws/install/puzzlebot_description:/home/sofiabl/puzzlebot_ws/install/puzzlebot_navigation:/opt/ros/humble /usr/bin/cmake --install /home/sofiabl/puzzlebot_ws/build/puzzlebot_navigation
[0.481s] Level 1:colcon.colcon_core.environment:create_environment_scripts_only(puzzlebot_navigation)
[0.482s] Level 1:colcon.colcon_core.environment:checking '/home/sofiabl/puzzlebot_ws/install/puzzlebot_navigation' for CMake module files
[0.482s] DEBUG:colcon.colcon_core.event_handler.log_command:Invoked command in '/home/sofiabl/puzzlebot_ws/build/puzzlebot_navigation' returned '0': CMAKE_PREFIX_PATH=/home/sofiabl/puzzlebot_ws/install/puzzlebot_gazebo:/home/sofiabl/puzzlebot_ws/install/puzzlebot_description:/home/sofiabl/puzzlebot_ws/install/puzzlebot_navigation:/opt/ros/humble /usr/bin/cmake --install /home/sofiabl/puzzlebot_ws/build/puzzlebot_navigation
[0.482s] Level 1:colcon.colcon_core.environment:checking '/home/sofiabl/puzzlebot_ws/install/puzzlebot_navigation' for CMake config files
[0.482s] Level 1:colcon.colcon_core.shell:create_environment_hook('puzzlebot_navigation', 'cmake_prefix_path')
[0.483s] INFO:colcon.colcon_core.shell:Creating environment hook '/home/sofiabl/puzzlebot_ws/install/puzzlebot_navigation/share/puzzlebot_navigation/hook/cmake_prefix_path.ps1'
[0.483s] INFO:colcon.colcon_core.shell:Creating environment descriptor '/home/sofiabl/puzzlebot_ws/install/puzzlebot_navigation/share/puzzlebot_navigation/hook/cmake_prefix_path.dsv'
[0.483s] INFO:colcon.colcon_core.shell:Creating environment hook '/home/sofiabl/puzzlebot_ws/install/puzzlebot_navigation/share/puzzlebot_navigation/hook/cmake_prefix_path.sh'
[0.484s] Level 1:colcon.colcon_core.environment:checking '/home/sofiabl/puzzlebot_ws/install/puzzlebot_navigation/bin'
[0.484s] Level 1:colcon.colcon_core.environment:checking '/home/sofiabl/puzzlebot_ws/install/puzzlebot_navigation/lib/pkgconfig/puzzlebot_navigation.pc'
[0.484s] Level 1:colcon.colcon_core.environment:checking '/home/sofiabl/puzzlebot_ws/install/puzzlebot_navigation/lib/python3.10/site-packages'
[0.484s] Level 1:colcon.colcon_core.environment:checking '/home/sofiabl/puzzlebot_ws/install/puzzlebot_navigation/bin'
[0.484s] INFO:colcon.colcon_core.shell:Creating package script '/home/sofiabl/puzzlebot_ws/install/puzzlebot_navigation/share/puzzlebot_navigation/package.ps1'
[0.485s] INFO:colcon.colcon_core.shell:Creating package descriptor '/home/sofiabl/puzzlebot_ws/install/puzzlebot_navigation/share/puzzlebot_navigation/package.dsv'
[0.485s] INFO:colcon.colcon_core.shell:Creating package script '/home/sofiabl/puzzlebot_ws/install/puzzlebot_navigation/share/puzzlebot_navigation/package.sh'
[0.485s] INFO:colcon.colcon_core.shell:Creating package script '/home/sofiabl/puzzlebot_ws/install/puzzlebot_navigation/share/puzzlebot_navigation/package.bash'
[0.486s] INFO:colcon.colcon_core.shell:Creating package script '/home/sofiabl/puzzlebot_ws/install/puzzlebot_navigation/share/puzzlebot_navigation/package.zsh'
[0.486s] Level 1:colcon.colcon_core.environment:create_file_with_runtime_dependencies(/home/sofiabl/puzzlebot_ws/install/puzzlebot_navigation/share/colcon-core/packages/puzzlebot_navigation)
[0.486s] Level 1:colcon.colcon_core.environment:create_environment_scripts_only(puzzlebot_navigation)
[0.487s] Level 1:colcon.colcon_core.environment:checking '/home/sofiabl/puzzlebot_ws/install/puzzlebot_navigation' for CMake module files
[0.487s] Level 1:colcon.colcon_core.environment:checking '/home/sofiabl/puzzlebot_ws/install/puzzlebot_navigation' for CMake config files
[0.487s] Level 1:colcon.colcon_core.shell:create_environment_hook('puzzlebot_navigation', 'cmake_prefix_path')
[0.487s] INFO:colcon.colcon_core.shell:Creating environment hook '/home/sofiabl/puzzlebot_ws/install/puzzlebot_navigation/share/puzzlebot_navigation/hook/cmake_prefix_path.ps1'
[0.488s] INFO:colcon.colcon_core.shell:Creating environment descriptor '/home/sofiabl/puzzlebot_ws/install/puzzlebot_navigation/share/puzzlebot_navigation/hook/cmake_prefix_path.dsv'
[0.488s] INFO:colcon.colcon_core.shell:Creating environment hook '/home/sofiabl/puzzlebot_ws/install/puzzlebot_navigation/share/puzzlebot_navigation/hook/cmake_prefix_path.sh'
[0.488s] Level 1:colcon.colcon_core.environment:checking '/home/sofiabl/puzzlebot_ws/install/puzzlebot_navigation/bin'
[0.488s] Level 1:colcon.colcon_core.environment:checking '/home/sofiabl/puzzlebot_ws/install/puzzlebot_navigation/lib/pkgconfig/puzzlebot_navigation.pc'
[0.488s] Level 1:colcon.colcon_core.environment:checking '/home/sofiabl/puzzlebot_ws/install/puzzlebot_navigation/lib/python3.10/site-packages'
[0.489s] Level 1:colcon.colcon_core.environment:checking '/home/sofiabl/puzzlebot_ws/install/puzzlebot_navigation/bin'
[0.489s] INFO:colcon.colcon_core.shell:Creating package script '/home/sofiabl/puzzlebot_ws/install/puzzlebot_navigation/share/puzzlebot_navigation/package.ps1'
[0.490s] INFO:colcon.colcon_core.shell:Creating package descriptor '/home/sofiabl/puzzlebot_ws/install/puzzlebot_navigation/share/puzzlebot_navigation/package.dsv'
[0.490s] INFO:colcon.colcon_core.shell:Creating package script '/home/sofiabl/puzzlebot_ws/install/puzzlebot_navigation/share/puzzlebot_navigation/package.sh'
[0.490s] INFO:colcon.colcon_core.shell:Creating package script '/home/sofiabl/puzzlebot_ws/install/puzzlebot_navigation/share/puzzlebot_navigation/package.bash'
[0.491s] INFO:colcon.colcon_core.shell:Creating package script '/home/sofiabl/puzzlebot_ws/install/puzzlebot_navigation/share/puzzlebot_navigation/package.zsh'
[0.491s] Level 1:colcon.colcon_core.environment:create_file_with_runtime_dependencies(/home/sofiabl/puzzlebot_ws/install/puzzlebot_navigation/share/colcon-core/packages/puzzlebot_navigation)
[0.491s] DEBUG:colcon.colcon_parallel_executor.executor.parallel:closing loop
[0.491s] DEBUG:colcon.colcon_parallel_executor.executor.parallel:loop closed
[0.491s] DEBUG:colcon.colcon_parallel_executor.executor.parallel:run_until_complete finished with '0'
[0.491s] DEBUG:colcon.colcon_core.event_reactor:joining thread
[0.495s] INFO:colcon.colcon_core.plugin_system:Skipping extension 'colcon_notification.desktop_notification.terminal_notifier': Not used on non-Darwin systems
[0.495s] INFO:colcon.colcon_core.plugin_system:Skipping extension 'colcon_notification.desktop_notification.win32': Not used on non-Windows systems
[0.495s] INFO:colcon.colcon_notification.desktop_notification:Sending desktop notification using 'notify2'
[0.503s] DEBUG:colcon.colcon_core.event_reactor:joined thread
[0.503s] INFO:colcon.colcon_core.shell:Creating prefix script '/home/sofiabl/puzzlebot_ws/install/local_setup.ps1'
[0.504s] INFO:colcon.colcon_core.shell:Creating prefix util module '/home/sofiabl/puzzlebot_ws/install/_local_setup_util_ps1.py'
[0.505s] INFO:colcon.colcon_core.shell:Creating prefix chain script '/home/sofiabl/puzzlebot_ws/install/setup.ps1'
[0.506s] INFO:colcon.colcon_core.shell:Creating prefix script '/home/sofiabl/puzzlebot_ws/install/local_setup.sh'
[0.507s] INFO:colcon.colcon_core.shell:Creating prefix util module '/home/sofiabl/puzzlebot_ws/install/_local_setup_util_sh.py'
[0.507s] INFO:colcon.colcon_core.shell:Creating prefix chain script '/home/sofiabl/puzzlebot_ws/install/setup.sh'
[0.509s] INFO:colcon.colcon_core.shell:Creating prefix script '/home/sofiabl/puzzlebot_ws/install/local_setup.bash'
[0.509s] INFO:colcon.colcon_core.shell:Creating prefix chain script '/home/sofiabl/puzzlebot_ws/install/setup.bash'
[0.510s] INFO:colcon.colcon_core.shell:Creating prefix script '/home/sofiabl/puzzlebot_ws/install/local_setup.zsh'
[0.510s] INFO:colcon.colcon_core.shell:Creating prefix chain script '/home/sofiabl/puzzlebot_ws/install/setup.zsh'
