-- The C compiler identification is GNU 11.4.0
-- The CXX compiler identification is GNU 11.4.0
-- Detecting C compiler ABI info
-- Detecting C compiler ABI info - done
-- Check for working C compiler: /usr/bin/cc - skipped
-- Detecting C compile features
-- Detecting C compile features - done
-- Detecting CXX compiler ABI info
-- Detecting CXX compiler ABI info - done
-- Check for working CXX compiler: /usr/bin/c++ - skipped
-- Detecting CXX compile features
-- Detecting CXX compile features - done
-- Found ament_cmake: 1.3.14 (/opt/ros/humble/share/ament_cmake/cmake)
-- Found Python3: /usr/bin/python3 (found version "3.10.12") found components: Interpreter 
-- Found ament_lint_auto: 0.12.15 (/opt/ros/humble/share/ament_lint_auto/cmake)
-- Configuring done
-- Generating done
-- Build files have been written to: /home/sofiabl/puzzlebot_ws/build/puzzlebot_navigation
-- Install configuration: ""
-- Installing: /home/sofiabl/puzzlebot_ws/install/puzzlebot_navigation/share/ament_index/resource_index/package_run_dependencies/puzzlebot_navigation
-- Installing: /home/sofiabl/puzzlebot_ws/install/puzzlebot_navigation/share/ament_index/resource_index/parent_prefix_path/puzzlebot_navigation
-- Installing: /home/sofiabl/puzzlebot_ws/install/puzzlebot_navigation/share/puzzlebot_navigation/environment/ament_prefix_path.sh
-- Installing: /home/sofiabl/puzzlebot_ws/install/puzzlebot_navigation/share/puzzlebot_navigation/environment/ament_prefix_path.dsv
-- Installing: /home/sofiabl/puzzlebot_ws/install/puzzlebot_navigation/share/puzzlebot_navigation/environment/path.sh
-- Installing: /home/sofiabl/puzzlebot_ws/install/puzzlebot_navigation/share/puzzlebot_navigation/environment/path.dsv
-- Installing: /home/sofiabl/puzzlebot_ws/install/puzzlebot_navigation/share/puzzlebot_navigation/local_setup.bash
-- Installing: /home/sofiabl/puzzlebot_ws/install/puzzlebot_navigation/share/puzzlebot_navigation/local_setup.sh
-- Installing: /home/sofiabl/puzzlebot_ws/install/puzzlebot_navigation/share/puzzlebot_navigation/local_setup.zsh
-- Installing: /home/sofiabl/puzzlebot_ws/install/puzzlebot_navigation/share/puzzlebot_navigation/local_setup.dsv
-- Installing: /home/sofiabl/puzzlebot_ws/install/puzzlebot_navigation/share/puzzlebot_navigation/package.dsv
-- Installing: /home/sofiabl/puzzlebot_ws/install/puzzlebot_navigation/share/ament_index/resource_index/packages/puzzlebot_navigation
-- Installing: /home/sofiabl/puzzlebot_ws/install/puzzlebot_navigation/share/puzzlebot_navigation/cmake/puzzlebot_navigationConfig.cmake
-- Installing: /home/sofiabl/puzzlebot_ws/install/puzzlebot_navigation/share/puzzlebot_navigation/cmake/puzzlebot_navigationConfig-version.cmake
-- Installing: /home/sofiabl/puzzlebot_ws/install/puzzlebot_navigation/share/puzzlebot_navigation/package.xml
