[0.007s] Invoking command in '/home/sofiabl/puzzlebot_ws/build/puzzlebot_navigation': AMENT_PREFIX_PATH=/home/sofiabl/puzzlebot_ws/install/puzzlebot_gazebo:/home/sofiabl/puzzlebot_ws/install/puzzlebot_description:${AMENT_PREFIX_PATH} CMAKE_PREFIX_PATH=/home/sofiabl/puzzlebot_ws/install/puzzlebot_gazebo:/home/sofiabl/puzzlebot_ws/install/puzzlebot_description:/opt/ros/humble /usr/bin/cmake --build /home/sofiabl/puzzlebot_ws/build/puzzlebot_navigation -- -j12 -l12
[0.032s] Invoked command in '/home/sofiabl/puzzlebot_ws/build/puzzlebot_navigation' returned '0': AMENT_PREFIX_PATH=/home/sofiabl/puzzlebot_ws/install/puzzlebot_gazebo:/home/sofiabl/puzzlebot_ws/install/puzzlebot_description:${AMENT_PREFIX_PATH} CMAKE_PREFIX_PATH=/home/sofiabl/puzzlebot_ws/install/puzzlebot_gazebo:/home/sofiabl/puzzlebot_ws/install/puzzlebot_description:/opt/ros/humble /usr/bin/cmake --build /home/sofiabl/puzzlebot_ws/build/puzzlebot_navigation -- -j12 -l12
[0.033s] Invoking command in '/home/sofiabl/puzzlebot_ws/build/puzzlebot_navigation': AMENT_PREFIX_PATH=/home/sofiabl/puzzlebot_ws/install/puzzlebot_gazebo:/home/sofiabl/puzzlebot_ws/install/puzzlebot_description:${AMENT_PREFIX_PATH} CMAKE_PREFIX_PATH=/home/sofiabl/puzzlebot_ws/install/puzzlebot_gazebo:/home/sofiabl/puzzlebot_ws/install/puzzlebot_description:/opt/ros/humble /usr/bin/cmake --install /home/sofiabl/puzzlebot_ws/build/puzzlebot_navigation
[0.038s] -- Install configuration: ""
[0.038s] -- Up-to-date: /home/sofiabl/puzzlebot_ws/install/puzzlebot_navigation/share/puzzlebot_navigation/launch
[0.038s] -- Installing: /home/sofiabl/puzzlebot_ws/install/puzzlebot_navigation/share/puzzlebot_navigation/launch/slam.launch.xml
[0.038s] -- Installing: /home/sofiabl/puzzlebot_ws/install/puzzlebot_navigation/share/puzzlebot_navigation/launch/slam_core.launch.xml
[0.038s] -- Installing: /home/sofiabl/puzzlebot_ws/install/puzzlebot_navigation/share/puzzlebot_navigation/launch/nav2.launch.xml
[0.038s] -- Installing: /home/sofiabl/puzzlebot_ws/install/puzzlebot_navigation/share/puzzlebot_navigation/launch/nav2_core.launch.xml
[0.039s] -- Up-to-date: /home/sofiabl/puzzlebot_ws/install/puzzlebot_navigation/share/puzzlebot_navigation/maps
[0.039s] -- Up-to-date: /home/sofiabl/puzzlebot_ws/install/puzzlebot_navigation/share/puzzlebot_navigation/maps/map.yaml
[0.039s] -- Up-to-date: /home/sofiabl/puzzlebot_ws/install/puzzlebot_navigation/share/puzzlebot_navigation/maps/map.pgm
[0.039s] -- Up-to-date: /home/sofiabl/puzzlebot_ws/install/puzzlebot_navigation/share/puzzlebot_navigation/maps/my_map.pgm
[0.039s] -- Up-to-date: /home/sofiabl/puzzlebot_ws/install/puzzlebot_navigation/share/puzzlebot_navigation/rviz
[0.039s] -- Up-to-date: /home/sofiabl/puzzlebot_ws/install/puzzlebot_navigation/share/puzzlebot_navigation/rviz/slam.rviz
[0.039s] -- Up-to-date: /home/sofiabl/puzzlebot_ws/install/puzzlebot_navigation/share/puzzlebot_navigation/rviz/nav2.rviz
[0.039s] -- Up-to-date: /home/sofiabl/puzzlebot_ws/install/puzzlebot_navigation/share/puzzlebot_navigation/config
[0.039s] -- Installing: /home/sofiabl/puzzlebot_ws/install/puzzlebot_navigation/share/puzzlebot_navigation/config/slam_toolbox.yaml
[0.040s] -- Installing: /home/sofiabl/puzzlebot_ws/install/puzzlebot_navigation/share/puzzlebot_navigation/config/nav2_params.yaml
[0.040s] Invoked command in '/home/sofiabl/puzzlebot_ws/build/puzzlebot_navigation' returned '0': AMENT_PREFIX_PATH=/home/sofiabl/puzzlebot_ws/install/puzzlebot_gazebo:/home/sofiabl/puzzlebot_ws/install/puzzlebot_description:${AMENT_PREFIX_PATH} CMAKE_PREFIX_PATH=/home/sofiabl/puzzlebot_ws/install/puzzlebot_gazebo:/home/sofiabl/puzzlebot_ws/install/puzzlebot_description:/opt/ros/humble /usr/bin/cmake --install /home/sofiabl/puzzlebot_ws/build/puzzlebot_navigation
