[0.092s] DEBUG:colcon:Command line arguments: ['/usr/bin/colcon', 'build']
[0.092s] DEBUG:colcon:Parsed command line arguments: Namespace(log_base=None, log_level=None, verb_name='build', build_base='build', install_base='install', merge_install=False, symlink_install=False, test_result_base=None, continue_on_error=False, executor='parallel', parallel_workers=12, event_handlers=None, ignore_user_meta=False, metas=['./colcon.meta'], base_paths=['.'], packages_ignore=None, packages_ignore_regex=None, paths=None, packages_up_to=None, packages_up_to_regex=None, packages_above=None, packages_above_and_dependencies=None, packages_above_depth=None, packages_select_by_dep=None, packages_skip_by_dep=None, packages_skip_up_to=None, packages_select_build_failed=False, packages_skip_build_finished=False, packages_select_test_failures=False, packages_skip_test_passed=False, packages_select=None, packages_skip=None, packages_select_regex=None, packages_skip_regex=None, packages_start=None, packages_end=None, allow_overriding=[], cmake_args=None, cmake_target=None, cmake_target_skip_unavailable=False, cmake_clean_cache=False, cmake_clean_first=False, cmake_force_configure=False, ament_cmake_args=None, catkin_cmake_args=None, catkin_skip_building_tests=False, mixin_files=None, mixin=None, verb_parser=<colcon_mixin.mixin.mixin_argument.MixinArgumentDecorator object at 0x7858adb4f670>, verb_extension=<colcon_core.verb.build.BuildVerb object at 0x7858adb4ec50>, main=<bound method BuildVerb.main of <colcon_core.verb.build.BuildVerb object at 0x7858adb4ec50>>, mixin_verb=('build',))
[0.255s] Level 1:colcon.colcon_core.package_discovery:discover_packages(colcon_meta) check parameters
[0.256s] Level 1:colcon.colcon_core.package_discovery:discover_packages(recursive) check parameters
[0.256s] Level 1:colcon.colcon_core.package_discovery:discover_packages(ignore) check parameters
[0.256s] Level 1:colcon.colcon_core.package_discovery:discover_packages(path) check parameters
[0.256s] Level 1:colcon.colcon_core.package_discovery:discover_packages(colcon_meta) discover
[0.256s] Level 1:colcon.colcon_core.package_discovery:discover_packages(recursive) discover
[0.256s] INFO:colcon.colcon_core.package_discovery:Crawling recursively for packages in '/home/sofiabl/puzzlebot_ws'
[0.256s] Level 1:colcon.colcon_core.package_identification:_identify(.) by extensions ['ignore', 'ignore_ament_install']
[0.256s] Level 1:colcon.colcon_core.package_identification:_identify(.) by extension 'ignore'
[0.256s] Level 1:colcon.colcon_core.package_identification:_identify(.) by extension 'ignore_ament_install'
[0.256s] Level 1:colcon.colcon_core.package_identification:_identify(.) by extensions ['colcon_pkg']
[0.256s] Level 1:colcon.colcon_core.package_identification:_identify(.) by extension 'colcon_pkg'
[0.256s] Level 1:colcon.colcon_core.package_identification:_identify(.) by extensions ['colcon_meta']
[0.256s] Level 1:colcon.colcon_core.package_identification:_identify(.) by extension 'colcon_meta'
[0.256s] Level 1:colcon.colcon_core.package_identification:_identify(.) by extensions ['ros']
[0.256s] Level 1:colcon.colcon_core.package_identification:_identify(.) by extension 'ros'
[0.264s] Level 1:colcon.colcon_core.package_identification:_identify(.) by extensions ['cmake', 'python']
[0.264s] Level 1:colcon.colcon_core.package_identification:_identify(.) by extension 'cmake'
[0.264s] Level 1:colcon.colcon_core.package_identification:_identify(.) by extension 'python'
[0.264s] Level 1:colcon.colcon_core.package_identification:_identify(.) by extensions ['python_setup_py']
[0.265s] Level 1:colcon.colcon_core.package_identification:_identify(.) by extension 'python_setup_py'
[0.265s] Level 1:colcon.colcon_core.package_identification:_identify(build) by extensions ['ignore', 'ignore_ament_install']
[0.265s] Level 1:colcon.colcon_core.package_identification:_identify(build) by extension 'ignore'
[0.265s] Level 1:colcon.colcon_core.package_identification:_identify(build) ignored
[0.265s] Level 1:colcon.colcon_core.package_identification:_identify(install) by extensions ['ignore', 'ignore_ament_install']
[0.265s] Level 1:colcon.colcon_core.package_identification:_identify(install) by extension 'ignore'
[0.265s] Level 1:colcon.colcon_core.package_identification:_identify(install) ignored
[0.265s] Level 1:colcon.colcon_core.package_identification:_identify(log) by extensions ['ignore', 'ignore_ament_install']
[0.265s] Level 1:colcon.colcon_core.package_identification:_identify(log) by extension 'ignore'
[0.265s] Level 1:colcon.colcon_core.package_identification:_identify(log) ignored
[0.265s] Level 1:colcon.colcon_core.package_identification:_identify(src) by extensions ['ignore', 'ignore_ament_install']
[0.265s] Level 1:colcon.colcon_core.package_identification:_identify(src) by extension 'ignore'
[0.265s] Level 1:colcon.colcon_core.package_identification:_identify(src) by extension 'ignore_ament_install'
[0.265s] Level 1:colcon.colcon_core.package_identification:_identify(src) by extensions ['colcon_pkg']
[0.265s] Level 1:colcon.colcon_core.package_identification:_identify(src) by extension 'colcon_pkg'
[0.265s] Level 1:colcon.colcon_core.package_identification:_identify(src) by extensions ['colcon_meta']
[0.265s] Level 1:colcon.colcon_core.package_identification:_identify(src) by extension 'colcon_meta'
[0.265s] Level 1:colcon.colcon_core.package_identification:_identify(src) by extensions ['ros']
[0.265s] Level 1:colcon.colcon_core.package_identification:_identify(src) by extension 'ros'
[0.266s] Level 1:colcon.colcon_core.package_identification:_identify(src) by extensions ['cmake', 'python']
[0.266s] Level 1:colcon.colcon_core.package_identification:_identify(src) by extension 'cmake'
[0.266s] Level 1:colcon.colcon_core.package_identification:_identify(src) by extension 'python'
[0.266s] Level 1:colcon.colcon_core.package_identification:_identify(src) by extensions ['python_setup_py']
[0.266s] Level 1:colcon.colcon_core.package_identification:_identify(src) by extension 'python_setup_py'
[0.266s] Level 1:colcon.colcon_core.package_identification:_identify(src/puzzlebot_ros2) by extensions ['ignore', 'ignore_ament_install']
[0.266s] Level 1:colcon.colcon_core.package_identification:_identify(src/puzzlebot_ros2) by extension 'ignore'
[0.266s] Level 1:colcon.colcon_core.package_identification:_identify(src/puzzlebot_ros2) by extension 'ignore_ament_install'
[0.266s] Level 1:colcon.colcon_core.package_identification:_identify(src/puzzlebot_ros2) by extensions ['colcon_pkg']
[0.266s] Level 1:colcon.colcon_core.package_identification:_identify(src/puzzlebot_ros2) by extension 'colcon_pkg'
[0.266s] Level 1:colcon.colcon_core.package_identification:_identify(src/puzzlebot_ros2) by extensions ['colcon_meta']
[0.266s] Level 1:colcon.colcon_core.package_identification:_identify(src/puzzlebot_ros2) by extension 'colcon_meta'
[0.266s] Level 1:colcon.colcon_core.package_identification:_identify(src/puzzlebot_ros2) by extensions ['ros']
[0.266s] Level 1:colcon.colcon_core.package_identification:_identify(src/puzzlebot_ros2) by extension 'ros'
[0.266s] Level 1:colcon.colcon_core.package_identification:_identify(src/puzzlebot_ros2) by extensions ['cmake', 'python']
[0.266s] Level 1:colcon.colcon_core.package_identification:_identify(src/puzzlebot_ros2) by extension 'cmake'
[0.266s] Level 1:colcon.colcon_core.package_identification:_identify(src/puzzlebot_ros2) by extension 'python'
[0.266s] Level 1:colcon.colcon_core.package_identification:_identify(src/puzzlebot_ros2) by extensions ['python_setup_py']
[0.266s] Level 1:colcon.colcon_core.package_identification:_identify(src/puzzlebot_ros2) by extension 'python_setup_py'
[0.266s] Level 1:colcon.colcon_core.package_identification:_identify(src/puzzlebot_ros2/puzzlebot_description) by extensions ['ignore', 'ignore_ament_install']
[0.266s] Level 1:colcon.colcon_core.package_identification:_identify(src/puzzlebot_ros2/puzzlebot_description) by extension 'ignore'
[0.266s] Level 1:colcon.colcon_core.package_identification:_identify(src/puzzlebot_ros2/puzzlebot_description) by extension 'ignore_ament_install'
[0.266s] Level 1:colcon.colcon_core.package_identification:_identify(src/puzzlebot_ros2/puzzlebot_description) by extensions ['colcon_pkg']
[0.267s] Level 1:colcon.colcon_core.package_identification:_identify(src/puzzlebot_ros2/puzzlebot_description) by extension 'colcon_pkg'
[0.267s] Level 1:colcon.colcon_core.package_identification:_identify(src/puzzlebot_ros2/puzzlebot_description) by extensions ['colcon_meta']
[0.267s] Level 1:colcon.colcon_core.package_identification:_identify(src/puzzlebot_ros2/puzzlebot_description) by extension 'colcon_meta'
[0.267s] Level 1:colcon.colcon_core.package_identification:_identify(src/puzzlebot_ros2/puzzlebot_description) by extensions ['ros']
[0.267s] Level 1:colcon.colcon_core.package_identification:_identify(src/puzzlebot_ros2/puzzlebot_description) by extension 'ros'
[0.269s] DEBUG:colcon.colcon_core.package_identification:Package 'src/puzzlebot_ros2/puzzlebot_description' with type 'ros.ament_cmake' and name 'puzzlebot_description'
[0.269s] Level 1:colcon.colcon_core.package_identification:_identify(src/puzzlebot_ros2/puzzlebot_gazebo) by extensions ['ignore', 'ignore_ament_install']
[0.269s] Level 1:colcon.colcon_core.package_identification:_identify(src/puzzlebot_ros2/puzzlebot_gazebo) by extension 'ignore'
[0.269s] Level 1:colcon.colcon_core.package_identification:_identify(src/puzzlebot_ros2/puzzlebot_gazebo) by extension 'ignore_ament_install'
[0.269s] Level 1:colcon.colcon_core.package_identification:_identify(src/puzzlebot_ros2/puzzlebot_gazebo) by extensions ['colcon_pkg']
[0.269s] Level 1:colcon.colcon_core.package_identification:_identify(src/puzzlebot_ros2/puzzlebot_gazebo) by extension 'colcon_pkg'
[0.269s] Level 1:colcon.colcon_core.package_identification:_identify(src/puzzlebot_ros2/puzzlebot_gazebo) by extensions ['colcon_meta']
[0.269s] Level 1:colcon.colcon_core.package_identification:_identify(src/puzzlebot_ros2/puzzlebot_gazebo) by extension 'colcon_meta'
[0.269s] Level 1:colcon.colcon_core.package_identification:_identify(src/puzzlebot_ros2/puzzlebot_gazebo) by extensions ['ros']
[0.269s] Level 1:colcon.colcon_core.package_identification:_identify(src/puzzlebot_ros2/puzzlebot_gazebo) by extension 'ros'
[0.270s] DEBUG:colcon.colcon_core.package_identification:Package 'src/puzzlebot_ros2/puzzlebot_gazebo' with type 'ros.ament_cmake' and name 'puzzlebot_gazebo'
[0.270s] Level 1:colcon.colcon_core.package_identification:_identify(src/puzzlebot_ros2/puzzlebot_navigation) by extensions ['ignore', 'ignore_ament_install']
[0.270s] Level 1:colcon.colcon_core.package_identification:_identify(src/puzzlebot_ros2/puzzlebot_navigation) by extension 'ignore'
[0.270s] Level 1:colcon.colcon_core.package_identification:_identify(src/puzzlebot_ros2/puzzlebot_navigation) by extension 'ignore_ament_install'
[0.270s] Level 1:colcon.colcon_core.package_identification:_identify(src/puzzlebot_ros2/puzzlebot_navigation) by extensions ['colcon_pkg']
[0.270s] Level 1:colcon.colcon_core.package_identification:_identify(src/puzzlebot_ros2/puzzlebot_navigation) by extension 'colcon_pkg'
[0.270s] Level 1:colcon.colcon_core.package_identification:_identify(src/puzzlebot_ros2/puzzlebot_navigation) by extensions ['colcon_meta']
[0.270s] Level 1:colcon.colcon_core.package_identification:_identify(src/puzzlebot_ros2/puzzlebot_navigation) by extension 'colcon_meta'
[0.270s] Level 1:colcon.colcon_core.package_identification:_identify(src/puzzlebot_ros2/puzzlebot_navigation) by extensions ['ros']
[0.270s] Level 1:colcon.colcon_core.package_identification:_identify(src/puzzlebot_ros2/puzzlebot_navigation) by extension 'ros'
[0.271s] DEBUG:colcon.colcon_core.package_identification:Package 'src/puzzlebot_ros2/puzzlebot_navigation' with type 'ros.ament_cmake' and name 'puzzlebot_navigation'
[0.271s] Level 1:colcon.colcon_core.package_discovery:discover_packages(recursive) using defaults
[0.271s] Level 1:colcon.colcon_core.package_discovery:discover_packages(ignore) discover
[0.271s] Level 1:colcon.colcon_core.package_discovery:discover_packages(ignore) using defaults
[0.271s] Level 1:colcon.colcon_core.package_discovery:discover_packages(path) discover
[0.271s] Level 1:colcon.colcon_core.package_discovery:discover_packages(path) using defaults
[0.293s] Level 1:colcon.colcon_core.package_discovery:discover_packages(prefix_path) check parameters
[0.293s] Level 1:colcon.colcon_core.package_discovery:discover_packages(prefix_path) discover
[0.295s] DEBUG:colcon.colcon_installed_package_information.package_discovery:Found 3 installed packages in /home/sofiabl/puzzlebot_ws/install
[0.296s] DEBUG:colcon.colcon_installed_package_information.package_discovery:Found 2 installed packages in /home/sofiabl/manchester/install
[0.297s] DEBUG:colcon.colcon_installed_package_information.package_discovery:Found 491 installed packages in /opt/ros/humble
[0.299s] Level 1:colcon.colcon_core.package_discovery:discover_packages(prefix_path) using defaults
[0.348s] Level 5:colcon.colcon_core.verb:set package 'puzzlebot_description' build argument 'cmake_args' from command line to 'None'
[0.348s] Level 5:colcon.colcon_core.verb:set package 'puzzlebot_description' build argument 'cmake_target' from command line to 'None'
[0.348s] Level 5:colcon.colcon_core.verb:set package 'puzzlebot_description' build argument 'cmake_target_skip_unavailable' from command line to 'False'
[0.348s] Level 5:colcon.colcon_core.verb:set package 'puzzlebot_description' build argument 'cmake_clean_cache' from command line to 'False'
[0.348s] Level 5:colcon.colcon_core.verb:set package 'puzzlebot_description' build argument 'cmake_clean_first' from command line to 'False'
[0.348s] Level 5:colcon.colcon_core.verb:set package 'puzzlebot_description' build argument 'cmake_force_configure' from command line to 'False'
[0.348s] Level 5:colcon.colcon_core.verb:set package 'puzzlebot_description' build argument 'ament_cmake_args' from command line to 'None'
[0.348s] Level 5:colcon.colcon_core.verb:set package 'puzzlebot_description' build argument 'catkin_cmake_args' from command line to 'None'
[0.348s] Level 5:colcon.colcon_core.verb:set package 'puzzlebot_description' build argument 'catkin_skip_building_tests' from command line to 'False'
[0.349s] DEBUG:colcon.colcon_core.verb:Building package 'puzzlebot_description' with the following arguments: {'ament_cmake_args': None, 'build_base': '/home/sofiabl/puzzlebot_ws/build/puzzlebot_description', 'catkin_cmake_args': None, 'catkin_skip_building_tests': False, 'cmake_args': None, 'cmake_clean_cache': False, 'cmake_clean_first': False, 'cmake_force_configure': False, 'cmake_target': None, 'cmake_target_skip_unavailable': False, 'install_base': '/home/sofiabl/puzzlebot_ws/install/puzzlebot_description', 'merge_install': False, 'path': '/home/sofiabl/puzzlebot_ws/src/puzzlebot_ros2/puzzlebot_description', 'symlink_install': False, 'test_result_base': None}
[0.349s] Level 5:colcon.colcon_core.verb:set package 'puzzlebot_gazebo' build argument 'cmake_args' from command line to 'None'
[0.349s] Level 5:colcon.colcon_core.verb:set package 'puzzlebot_gazebo' build argument 'cmake_target' from command line to 'None'
[0.349s] Level 5:colcon.colcon_core.verb:set package 'puzzlebot_gazebo' build argument 'cmake_target_skip_unavailable' from command line to 'False'
[0.349s] Level 5:colcon.colcon_core.verb:set package 'puzzlebot_gazebo' build argument 'cmake_clean_cache' from command line to 'False'
[0.349s] Level 5:colcon.colcon_core.verb:set package 'puzzlebot_gazebo' build argument 'cmake_clean_first' from command line to 'False'
[0.349s] Level 5:colcon.colcon_core.verb:set package 'puzzlebot_gazebo' build argument 'cmake_force_configure' from command line to 'False'
[0.349s] Level 5:colcon.colcon_core.verb:set package 'puzzlebot_gazebo' build argument 'ament_cmake_args' from command line to 'None'
[0.349s] Level 5:colcon.colcon_core.verb:set package 'puzzlebot_gazebo' build argument 'catkin_cmake_args' from command line to 'None'
[0.349s] Level 5:colcon.colcon_core.verb:set package 'puzzlebot_gazebo' build argument 'catkin_skip_building_tests' from command line to 'False'
[0.349s] DEBUG:colcon.colcon_core.verb:Building package 'puzzlebot_gazebo' with the following arguments: {'ament_cmake_args': None, 'build_base': '/home/sofiabl/puzzlebot_ws/build/puzzlebot_gazebo', 'catkin_cmake_args': None, 'catkin_skip_building_tests': False, 'cmake_args': None, 'cmake_clean_cache': False, 'cmake_clean_first': False, 'cmake_force_configure': False, 'cmake_target': None, 'cmake_target_skip_unavailable': False, 'install_base': '/home/sofiabl/puzzlebot_ws/install/puzzlebot_gazebo', 'merge_install': False, 'path': '/home/sofiabl/puzzlebot_ws/src/puzzlebot_ros2/puzzlebot_gazebo', 'symlink_install': False, 'test_result_base': None}
[0.349s] Level 5:colcon.colcon_core.verb:set package 'puzzlebot_navigation' build argument 'cmake_args' from command line to 'None'
[0.349s] Level 5:colcon.colcon_core.verb:set package 'puzzlebot_navigation' build argument 'cmake_target' from command line to 'None'
[0.349s] Level 5:colcon.colcon_core.verb:set package 'puzzlebot_navigation' build argument 'cmake_target_skip_unavailable' from command line to 'False'
[0.349s] Level 5:colcon.colcon_core.verb:set package 'puzzlebot_navigation' build argument 'cmake_clean_cache' from command line to 'False'
[0.349s] Level 5:colcon.colcon_core.verb:set package 'puzzlebot_navigation' build argument 'cmake_clean_first' from command line to 'False'
[0.349s] Level 5:colcon.colcon_core.verb:set package 'puzzlebot_navigation' build argument 'cmake_force_configure' from command line to 'False'
[0.349s] Level 5:colcon.colcon_core.verb:set package 'puzzlebot_navigation' build argument 'ament_cmake_args' from command line to 'None'
[0.349s] Level 5:colcon.colcon_core.verb:set package 'puzzlebot_navigation' build argument 'catkin_cmake_args' from command line to 'None'
[0.349s] Level 5:colcon.colcon_core.verb:set package 'puzzlebot_navigation' build argument 'catkin_skip_building_tests' from command line to 'False'
[0.350s] DEBUG:colcon.colcon_core.verb:Building package 'puzzlebot_navigation' with the following arguments: {'ament_cmake_args': None, 'build_base': '/home/sofiabl/puzzlebot_ws/build/puzzlebot_navigation', 'catkin_cmake_args': None, 'catkin_skip_building_tests': False, 'cmake_args': None, 'cmake_clean_cache': False, 'cmake_clean_first': False, 'cmake_force_configure': False, 'cmake_target': None, 'cmake_target_skip_unavailable': False, 'install_base': '/home/sofiabl/puzzlebot_ws/install/puzzlebot_navigation', 'merge_install': False, 'path': '/home/sofiabl/puzzlebot_ws/src/puzzlebot_ros2/puzzlebot_navigation', 'symlink_install': False, 'test_result_base': None}
[0.350s] INFO:colcon.colcon_core.executor:Executing jobs using 'parallel' executor
[0.350s] DEBUG:colcon.colcon_parallel_executor.executor.parallel:run_until_complete
[0.351s] INFO:colcon.colcon_ros.task.ament_cmake.build:Building ROS package in '/home/sofiabl/puzzlebot_ws/src/puzzlebot_ros2/puzzlebot_description' with build type 'ament_cmake'
[0.351s] INFO:colcon.colcon_cmake.task.cmake.build:Building CMake package in '/home/sofiabl/puzzlebot_ws/src/puzzlebot_ros2/puzzlebot_description'
[0.352s] INFO:colcon.colcon_core.plugin_system:Skipping extension 'colcon_core.shell.bat': Not used on non-Windows systems
[0.352s] INFO:colcon.colcon_core.shell:Skip shell extension 'powershell' for command environment: Not usable outside of PowerShell
[0.352s] DEBUG:colcon.colcon_core.shell:Skip shell extension 'dsv' for command environment
[0.360s] DEBUG:colcon.colcon_core.event_handler.log_command:Invoking command in '/home/sofiabl/puzzlebot_ws/build/puzzlebot_description': CMAKE_PREFIX_PATH=${CMAKE_PREFIX_PATH}:/home/sofiabl/manchester/install/tf_examples:/home/sofiabl/manchester/install/puzzlebot_sim:/opt/ros/humble /usr/bin/cmake --build /home/sofiabl/puzzlebot_ws/build/puzzlebot_description -- -j12 -l12
[0.386s] DEBUG:colcon.colcon_core.event_handler.log_command:Invoked command in '/home/sofiabl/puzzlebot_ws/build/puzzlebot_description' returned '0': CMAKE_PREFIX_PATH=${CMAKE_PREFIX_PATH}:/home/sofiabl/manchester/install/tf_examples:/home/sofiabl/manchester/install/puzzlebot_sim:/opt/ros/humble /usr/bin/cmake --build /home/sofiabl/puzzlebot_ws/build/puzzlebot_description -- -j12 -l12
[0.393s] DEBUG:colcon.colcon_core.event_handler.log_command:Invoking command in '/home/sofiabl/puzzlebot_ws/build/puzzlebot_description': CMAKE_PREFIX_PATH=${CMAKE_PREFIX_PATH}:/home/sofiabl/manchester/install/tf_examples:/home/sofiabl/manchester/install/puzzlebot_sim:/opt/ros/humble /usr/bin/cmake --install /home/sofiabl/puzzlebot_ws/build/puzzlebot_description
[0.400s] Level 1:colcon.colcon_core.environment:create_environment_scripts_only(puzzlebot_description)
[0.400s] DEBUG:colcon.colcon_core.event_handler.log_command:Invoked command in '/home/sofiabl/puzzlebot_ws/build/puzzlebot_description' returned '0': CMAKE_PREFIX_PATH=${CMAKE_PREFIX_PATH}:/home/sofiabl/manchester/install/tf_examples:/home/sofiabl/manchester/install/puzzlebot_sim:/opt/ros/humble /usr/bin/cmake --install /home/sofiabl/puzzlebot_ws/build/puzzlebot_description
[0.402s] Level 1:colcon.colcon_core.environment:checking '/home/sofiabl/puzzlebot_ws/install/puzzlebot_description' for CMake module files
[0.403s] Level 1:colcon.colcon_core.environment:checking '/home/sofiabl/puzzlebot_ws/install/puzzlebot_description' for CMake config files
[0.403s] Level 1:colcon.colcon_core.shell:create_environment_hook('puzzlebot_description', 'cmake_prefix_path')
[0.403s] INFO:colcon.colcon_core.shell:Creating environment hook '/home/sofiabl/puzzlebot_ws/install/puzzlebot_description/share/puzzlebot_description/hook/cmake_prefix_path.ps1'
[0.404s] INFO:colcon.colcon_core.shell:Creating environment descriptor '/home/sofiabl/puzzlebot_ws/install/puzzlebot_description/share/puzzlebot_description/hook/cmake_prefix_path.dsv'
[0.404s] INFO:colcon.colcon_core.shell:Creating environment hook '/home/sofiabl/puzzlebot_ws/install/puzzlebot_description/share/puzzlebot_description/hook/cmake_prefix_path.sh'
[0.405s] Level 1:colcon.colcon_core.environment:checking '/home/sofiabl/puzzlebot_ws/install/puzzlebot_description/bin'
[0.405s] Level 1:colcon.colcon_core.environment:checking '/home/sofiabl/puzzlebot_ws/install/puzzlebot_description/lib/pkgconfig/puzzlebot_description.pc'
[0.405s] Level 1:colcon.colcon_core.environment:checking '/home/sofiabl/puzzlebot_ws/install/puzzlebot_description/lib/python3.10/site-packages'
[0.405s] Level 1:colcon.colcon_core.environment:checking '/home/sofiabl/puzzlebot_ws/install/puzzlebot_description/bin'
[0.405s] INFO:colcon.colcon_core.shell:Creating package script '/home/sofiabl/puzzlebot_ws/install/puzzlebot_description/share/puzzlebot_description/package.ps1'
[0.406s] INFO:colcon.colcon_core.shell:Creating package descriptor '/home/sofiabl/puzzlebot_ws/install/puzzlebot_description/share/puzzlebot_description/package.dsv'
[0.407s] INFO:colcon.colcon_core.shell:Creating package script '/home/sofiabl/puzzlebot_ws/install/puzzlebot_description/share/puzzlebot_description/package.sh'
[0.407s] INFO:colcon.colcon_core.shell:Creating package script '/home/sofiabl/puzzlebot_ws/install/puzzlebot_description/share/puzzlebot_description/package.bash'
[0.408s] INFO:colcon.colcon_core.shell:Creating package script '/home/sofiabl/puzzlebot_ws/install/puzzlebot_description/share/puzzlebot_description/package.zsh'
[0.408s] Level 1:colcon.colcon_core.environment:create_file_with_runtime_dependencies(/home/sofiabl/puzzlebot_ws/install/puzzlebot_description/share/colcon-core/packages/puzzlebot_description)
[0.409s] Level 1:colcon.colcon_core.environment:create_environment_scripts_only(puzzlebot_description)
[0.409s] Level 1:colcon.colcon_core.environment:checking '/home/sofiabl/puzzlebot_ws/install/puzzlebot_description' for CMake module files
[0.409s] Level 1:colcon.colcon_core.environment:checking '/home/sofiabl/puzzlebot_ws/install/puzzlebot_description' for CMake config files
[0.410s] Level 1:colcon.colcon_core.shell:create_environment_hook('puzzlebot_description', 'cmake_prefix_path')
[0.410s] INFO:colcon.colcon_core.shell:Creating environment hook '/home/sofiabl/puzzlebot_ws/install/puzzlebot_description/share/puzzlebot_description/hook/cmake_prefix_path.ps1'
[0.410s] INFO:colcon.colcon_core.shell:Creating environment descriptor '/home/sofiabl/puzzlebot_ws/install/puzzlebot_description/share/puzzlebot_description/hook/cmake_prefix_path.dsv'
[0.410s] INFO:colcon.colcon_core.shell:Creating environment hook '/home/sofiabl/puzzlebot_ws/install/puzzlebot_description/share/puzzlebot_description/hook/cmake_prefix_path.sh'
[0.411s] Level 1:colcon.colcon_core.environment:checking '/home/sofiabl/puzzlebot_ws/install/puzzlebot_description/bin'
[0.411s] Level 1:colcon.colcon_core.environment:checking '/home/sofiabl/puzzlebot_ws/install/puzzlebot_description/lib/pkgconfig/puzzlebot_description.pc'
[0.411s] Level 1:colcon.colcon_core.environment:checking '/home/sofiabl/puzzlebot_ws/install/puzzlebot_description/lib/python3.10/site-packages'
[0.411s] Level 1:colcon.colcon_core.environment:checking '/home/sofiabl/puzzlebot_ws/install/puzzlebot_description/bin'
[0.411s] INFO:colcon.colcon_core.shell:Creating package script '/home/sofiabl/puzzlebot_ws/install/puzzlebot_description/share/puzzlebot_description/package.ps1'
[0.412s] INFO:colcon.colcon_core.shell:Creating package descriptor '/home/sofiabl/puzzlebot_ws/install/puzzlebot_description/share/puzzlebot_description/package.dsv'
[0.412s] INFO:colcon.colcon_core.shell:Creating package script '/home/sofiabl/puzzlebot_ws/install/puzzlebot_description/share/puzzlebot_description/package.sh'
[0.413s] INFO:colcon.colcon_core.shell:Creating package script '/home/sofiabl/puzzlebot_ws/install/puzzlebot_description/share/puzzlebot_description/package.bash'
[0.413s] INFO:colcon.colcon_core.shell:Creating package script '/home/sofiabl/puzzlebot_ws/install/puzzlebot_description/share/puzzlebot_description/package.zsh'
[0.413s] Level 1:colcon.colcon_core.environment:create_file_with_runtime_dependencies(/home/sofiabl/puzzlebot_ws/install/puzzlebot_description/share/colcon-core/packages/puzzlebot_description)
[0.413s] INFO:colcon.colcon_ros.task.ament_cmake.build:Building ROS package in '/home/sofiabl/puzzlebot_ws/src/puzzlebot_ros2/puzzlebot_gazebo' with build type 'ament_cmake'
[0.414s] INFO:colcon.colcon_cmake.task.cmake.build:Building CMake package in '/home/sofiabl/puzzlebot_ws/src/puzzlebot_ros2/puzzlebot_gazebo'
[0.414s] INFO:colcon.colcon_core.shell:Skip shell extension 'powershell' for command environment: Not usable outside of PowerShell
[0.414s] DEBUG:colcon.colcon_core.shell:Skip shell extension 'dsv' for command environment
[0.420s] DEBUG:colcon.colcon_core.event_handler.log_command:Invoking command in '/home/sofiabl/puzzlebot_ws/build/puzzlebot_gazebo': CMAKE_PREFIX_PATH=/home/sofiabl/puzzlebot_ws/install/puzzlebot_description:/home/sofiabl/puzzlebot_ws/install/puzzlebot_navigation:/home/sofiabl/puzzlebot_ws/install/puzzlebot_gazebo:/home/sofiabl/manchester/install/tf_examples:/home/sofiabl/manchester/install/puzzlebot_sim:/opt/ros/humble /usr/bin/cmake --build /home/sofiabl/puzzlebot_ws/build/puzzlebot_gazebo -- -j12 -l12
[0.446s] DEBUG:colcon.colcon_core.event_handler.log_command:Invoked command in '/home/sofiabl/puzzlebot_ws/build/puzzlebot_gazebo' returned '0': CMAKE_PREFIX_PATH=/home/sofiabl/puzzlebot_ws/install/puzzlebot_description:/home/sofiabl/puzzlebot_ws/install/puzzlebot_navigation:/home/sofiabl/puzzlebot_ws/install/puzzlebot_gazebo:/home/sofiabl/manchester/install/tf_examples:/home/sofiabl/manchester/install/puzzlebot_sim:/opt/ros/humble /usr/bin/cmake --build /home/sofiabl/puzzlebot_ws/build/puzzlebot_gazebo -- -j12 -l12
[0.447s] DEBUG:colcon.colcon_core.event_handler.log_command:Invoking command in '/home/sofiabl/puzzlebot_ws/build/puzzlebot_gazebo': CMAKE_PREFIX_PATH=/home/sofiabl/puzzlebot_ws/install/puzzlebot_description:/home/sofiabl/puzzlebot_ws/install/puzzlebot_navigation:/home/sofiabl/puzzlebot_ws/install/puzzlebot_gazebo:/home/sofiabl/manchester/install/tf_examples:/home/sofiabl/manchester/install/puzzlebot_sim:/opt/ros/humble /usr/bin/cmake --install /home/sofiabl/puzzlebot_ws/build/puzzlebot_gazebo
[0.453s] Level 1:colcon.colcon_core.environment:create_environment_scripts_only(puzzlebot_gazebo)
[0.454s] Level 1:colcon.colcon_core.environment:checking '/home/sofiabl/puzzlebot_ws/install/puzzlebot_gazebo' for CMake module files
[0.454s] DEBUG:colcon.colcon_core.event_handler.log_command:Invoked command in '/home/sofiabl/puzzlebot_ws/build/puzzlebot_gazebo' returned '0': CMAKE_PREFIX_PATH=/home/sofiabl/puzzlebot_ws/install/puzzlebot_description:/home/sofiabl/puzzlebot_ws/install/puzzlebot_navigation:/home/sofiabl/puzzlebot_ws/install/puzzlebot_gazebo:/home/sofiabl/manchester/install/tf_examples:/home/sofiabl/manchester/install/puzzlebot_sim:/opt/ros/humble /usr/bin/cmake --install /home/sofiabl/puzzlebot_ws/build/puzzlebot_gazebo
[0.454s] Level 1:colcon.colcon_core.environment:checking '/home/sofiabl/puzzlebot_ws/install/puzzlebot_gazebo' for CMake config files
[0.454s] Level 1:colcon.colcon_core.shell:create_environment_hook('puzzlebot_gazebo', 'cmake_prefix_path')
[0.455s] INFO:colcon.colcon_core.shell:Creating environment hook '/home/sofiabl/puzzlebot_ws/install/puzzlebot_gazebo/share/puzzlebot_gazebo/hook/cmake_prefix_path.ps1'
[0.455s] INFO:colcon.colcon_core.shell:Creating environment descriptor '/home/sofiabl/puzzlebot_ws/install/puzzlebot_gazebo/share/puzzlebot_gazebo/hook/cmake_prefix_path.dsv'
[0.455s] INFO:colcon.colcon_core.shell:Creating environment hook '/home/sofiabl/puzzlebot_ws/install/puzzlebot_gazebo/share/puzzlebot_gazebo/hook/cmake_prefix_path.sh'
[0.456s] Level 1:colcon.colcon_core.environment:checking '/home/sofiabl/puzzlebot_ws/install/puzzlebot_gazebo/bin'
[0.456s] Level 1:colcon.colcon_core.environment:checking '/home/sofiabl/puzzlebot_ws/install/puzzlebot_gazebo/lib/pkgconfig/puzzlebot_gazebo.pc'
[0.456s] Level 1:colcon.colcon_core.environment:checking '/home/sofiabl/puzzlebot_ws/install/puzzlebot_gazebo/lib/python3.10/site-packages'
[0.456s] Level 1:colcon.colcon_core.environment:checking '/home/sofiabl/puzzlebot_ws/install/puzzlebot_gazebo/bin'
[0.456s] INFO:colcon.colcon_core.shell:Creating package script '/home/sofiabl/puzzlebot_ws/install/puzzlebot_gazebo/share/puzzlebot_gazebo/package.ps1'
[0.457s] INFO:colcon.colcon_core.shell:Creating package descriptor '/home/sofiabl/puzzlebot_ws/install/puzzlebot_gazebo/share/puzzlebot_gazebo/package.dsv'
[0.457s] INFO:colcon.colcon_core.shell:Creating package script '/home/sofiabl/puzzlebot_ws/install/puzzlebot_gazebo/share/puzzlebot_gazebo/package.sh'
[0.457s] INFO:colcon.colcon_core.shell:Creating package script '/home/sofiabl/puzzlebot_ws/install/puzzlebot_gazebo/share/puzzlebot_gazebo/package.bash'
[0.458s] INFO:colcon.colcon_core.shell:Creating package script '/home/sofiabl/puzzlebot_ws/install/puzzlebot_gazebo/share/puzzlebot_gazebo/package.zsh'
[0.458s] Level 1:colcon.colcon_core.environment:create_file_with_runtime_dependencies(/home/sofiabl/puzzlebot_ws/install/puzzlebot_gazebo/share/colcon-core/packages/puzzlebot_gazebo)
[0.458s] Level 1:colcon.colcon_core.environment:create_environment_scripts_only(puzzlebot_gazebo)
[0.459s] Level 1:colcon.colcon_core.environment:checking '/home/sofiabl/puzzlebot_ws/install/puzzlebot_gazebo' for CMake module files
[0.459s] Level 1:colcon.colcon_core.environment:checking '/home/sofiabl/puzzlebot_ws/install/puzzlebot_gazebo' for CMake config files
[0.459s] Level 1:colcon.colcon_core.shell:create_environment_hook('puzzlebot_gazebo', 'cmake_prefix_path')
[0.459s] INFO:colcon.colcon_core.shell:Creating environment hook '/home/sofiabl/puzzlebot_ws/install/puzzlebot_gazebo/share/puzzlebot_gazebo/hook/cmake_prefix_path.ps1'
[0.460s] INFO:colcon.colcon_core.shell:Creating environment descriptor '/home/sofiabl/puzzlebot_ws/install/puzzlebot_gazebo/share/puzzlebot_gazebo/hook/cmake_prefix_path.dsv'
[0.460s] INFO:colcon.colcon_core.shell:Creating environment hook '/home/sofiabl/puzzlebot_ws/install/puzzlebot_gazebo/share/puzzlebot_gazebo/hook/cmake_prefix_path.sh'
[0.460s] Level 1:colcon.colcon_core.environment:checking '/home/sofiabl/puzzlebot_ws/install/puzzlebot_gazebo/bin'
[0.460s] Level 1:colcon.colcon_core.environment:checking '/home/sofiabl/puzzlebot_ws/install/puzzlebot_gazebo/lib/pkgconfig/puzzlebot_gazebo.pc'
[0.460s] Level 1:colcon.colcon_core.environment:checking '/home/sofiabl/puzzlebot_ws/install/puzzlebot_gazebo/lib/python3.10/site-packages'
[0.461s] Level 1:colcon.colcon_core.environment:checking '/home/sofiabl/puzzlebot_ws/install/puzzlebot_gazebo/bin'
[0.461s] INFO:colcon.colcon_core.shell:Creating package script '/home/sofiabl/puzzlebot_ws/install/puzzlebot_gazebo/share/puzzlebot_gazebo/package.ps1'
[0.461s] INFO:colcon.colcon_core.shell:Creating package descriptor '/home/sofiabl/puzzlebot_ws/install/puzzlebot_gazebo/share/puzzlebot_gazebo/package.dsv'
[0.462s] INFO:colcon.colcon_core.shell:Creating package script '/home/sofiabl/puzzlebot_ws/install/puzzlebot_gazebo/share/puzzlebot_gazebo/package.sh'
[0.462s] INFO:colcon.colcon_core.shell:Creating package script '/home/sofiabl/puzzlebot_ws/install/puzzlebot_gazebo/share/puzzlebot_gazebo/package.bash'
[0.462s] INFO:colcon.colcon_core.shell:Creating package script '/home/sofiabl/puzzlebot_ws/install/puzzlebot_gazebo/share/puzzlebot_gazebo/package.zsh'
[0.463s] Level 1:colcon.colcon_core.environment:create_file_with_runtime_dependencies(/home/sofiabl/puzzlebot_ws/install/puzzlebot_gazebo/share/colcon-core/packages/puzzlebot_gazebo)
[0.463s] INFO:colcon.colcon_ros.task.ament_cmake.build:Building ROS package in '/home/sofiabl/puzzlebot_ws/src/puzzlebot_ros2/puzzlebot_navigation' with build type 'ament_cmake'
[0.463s] INFO:colcon.colcon_cmake.task.cmake.build:Building CMake package in '/home/sofiabl/puzzlebot_ws/src/puzzlebot_ros2/puzzlebot_navigation'
[0.463s] INFO:colcon.colcon_core.shell:Skip shell extension 'powershell' for command environment: Not usable outside of PowerShell
[0.463s] DEBUG:colcon.colcon_core.shell:Skip shell extension 'dsv' for command environment
[0.470s] DEBUG:colcon.colcon_core.event_handler.log_command:Invoking command in '/home/sofiabl/puzzlebot_ws/build/puzzlebot_navigation': CMAKE_PREFIX_PATH=/home/sofiabl/puzzlebot_ws/install/puzzlebot_gazebo:/home/sofiabl/puzzlebot_ws/install/puzzlebot_description:/home/sofiabl/puzzlebot_ws/install/puzzlebot_navigation:/home/sofiabl/manchester/install/tf_examples:/home/sofiabl/manchester/install/puzzlebot_sim:/opt/ros/humble /usr/bin/cmake --build /home/sofiabl/puzzlebot_ws/build/puzzlebot_navigation -- -j12 -l12
[0.495s] DEBUG:colcon.colcon_core.event_handler.log_command:Invoked command in '/home/sofiabl/puzzlebot_ws/build/puzzlebot_navigation' returned '0': CMAKE_PREFIX_PATH=/home/sofiabl/puzzlebot_ws/install/puzzlebot_gazebo:/home/sofiabl/puzzlebot_ws/install/puzzlebot_description:/home/sofiabl/puzzlebot_ws/install/puzzlebot_navigation:/home/sofiabl/manchester/install/tf_examples:/home/sofiabl/manchester/install/puzzlebot_sim:/opt/ros/humble /usr/bin/cmake --build /home/sofiabl/puzzlebot_ws/build/puzzlebot_navigation -- -j12 -l12
[0.496s] DEBUG:colcon.colcon_core.event_handler.log_command:Invoking command in '/home/sofiabl/puzzlebot_ws/build/puzzlebot_navigation': CMAKE_PREFIX_PATH=/home/sofiabl/puzzlebot_ws/install/puzzlebot_gazebo:/home/sofiabl/puzzlebot_ws/install/puzzlebot_description:/home/sofiabl/puzzlebot_ws/install/puzzlebot_navigation:/home/sofiabl/manchester/install/tf_examples:/home/sofiabl/manchester/install/puzzlebot_sim:/opt/ros/humble /usr/bin/cmake --install /home/sofiabl/puzzlebot_ws/build/puzzlebot_navigation
[0.502s] Level 1:colcon.colcon_core.environment:create_environment_scripts_only(puzzlebot_navigation)
[0.503s] Level 1:colcon.colcon_core.environment:checking '/home/sofiabl/puzzlebot_ws/install/puzzlebot_navigation' for CMake module files
[0.503s] DEBUG:colcon.colcon_core.event_handler.log_command:Invoked command in '/home/sofiabl/puzzlebot_ws/build/puzzlebot_navigation' returned '0': CMAKE_PREFIX_PATH=/home/sofiabl/puzzlebot_ws/install/puzzlebot_gazebo:/home/sofiabl/puzzlebot_ws/install/puzzlebot_description:/home/sofiabl/puzzlebot_ws/install/puzzlebot_navigation:/home/sofiabl/manchester/install/tf_examples:/home/sofiabl/manchester/install/puzzlebot_sim:/opt/ros/humble /usr/bin/cmake --install /home/sofiabl/puzzlebot_ws/build/puzzlebot_navigation
[0.503s] Level 1:colcon.colcon_core.environment:checking '/home/sofiabl/puzzlebot_ws/install/puzzlebot_navigation' for CMake config files
[0.503s] Level 1:colcon.colcon_core.shell:create_environment_hook('puzzlebot_navigation', 'cmake_prefix_path')
[0.504s] INFO:colcon.colcon_core.shell:Creating environment hook '/home/sofiabl/puzzlebot_ws/install/puzzlebot_navigation/share/puzzlebot_navigation/hook/cmake_prefix_path.ps1'
[0.504s] INFO:colcon.colcon_core.shell:Creating environment descriptor '/home/sofiabl/puzzlebot_ws/install/puzzlebot_navigation/share/puzzlebot_navigation/hook/cmake_prefix_path.dsv'
[0.504s] INFO:colcon.colcon_core.shell:Creating environment hook '/home/sofiabl/puzzlebot_ws/install/puzzlebot_navigation/share/puzzlebot_navigation/hook/cmake_prefix_path.sh'
[0.505s] Level 1:colcon.colcon_core.environment:checking '/home/sofiabl/puzzlebot_ws/install/puzzlebot_navigation/bin'
[0.505s] Level 1:colcon.colcon_core.environment:checking '/home/sofiabl/puzzlebot_ws/install/puzzlebot_navigation/lib/pkgconfig/puzzlebot_navigation.pc'
[0.505s] Level 1:colcon.colcon_core.environment:checking '/home/sofiabl/puzzlebot_ws/install/puzzlebot_navigation/lib/python3.10/site-packages'
[0.505s] Level 1:colcon.colcon_core.environment:checking '/home/sofiabl/puzzlebot_ws/install/puzzlebot_navigation/bin'
[0.505s] INFO:colcon.colcon_core.shell:Creating package script '/home/sofiabl/puzzlebot_ws/install/puzzlebot_navigation/share/puzzlebot_navigation/package.ps1'
[0.506s] INFO:colcon.colcon_core.shell:Creating package descriptor '/home/sofiabl/puzzlebot_ws/install/puzzlebot_navigation/share/puzzlebot_navigation/package.dsv'
[0.506s] INFO:colcon.colcon_core.shell:Creating package script '/home/sofiabl/puzzlebot_ws/install/puzzlebot_navigation/share/puzzlebot_navigation/package.sh'
[0.506s] INFO:colcon.colcon_core.shell:Creating package script '/home/sofiabl/puzzlebot_ws/install/puzzlebot_navigation/share/puzzlebot_navigation/package.bash'
[0.507s] INFO:colcon.colcon_core.shell:Creating package script '/home/sofiabl/puzzlebot_ws/install/puzzlebot_navigation/share/puzzlebot_navigation/package.zsh'
[0.507s] Level 1:colcon.colcon_core.environment:create_file_with_runtime_dependencies(/home/sofiabl/puzzlebot_ws/install/puzzlebot_navigation/share/colcon-core/packages/puzzlebot_navigation)
[0.507s] Level 1:colcon.colcon_core.environment:create_environment_scripts_only(puzzlebot_navigation)
[0.508s] Level 1:colcon.colcon_core.environment:checking '/home/sofiabl/puzzlebot_ws/install/puzzlebot_navigation' for CMake module files
[0.508s] Level 1:colcon.colcon_core.environment:checking '/home/sofiabl/puzzlebot_ws/install/puzzlebot_navigation' for CMake config files
[0.508s] Level 1:colcon.colcon_core.shell:create_environment_hook('puzzlebot_navigation', 'cmake_prefix_path')
[0.508s] INFO:colcon.colcon_core.shell:Creating environment hook '/home/sofiabl/puzzlebot_ws/install/puzzlebot_navigation/share/puzzlebot_navigation/hook/cmake_prefix_path.ps1'
[0.509s] INFO:colcon.colcon_core.shell:Creating environment descriptor '/home/sofiabl/puzzlebot_ws/install/puzzlebot_navigation/share/puzzlebot_navigation/hook/cmake_prefix_path.dsv'
[0.509s] INFO:colcon.colcon_core.shell:Creating environment hook '/home/sofiabl/puzzlebot_ws/install/puzzlebot_navigation/share/puzzlebot_navigation/hook/cmake_prefix_path.sh'
[0.509s] Level 1:colcon.colcon_core.environment:checking '/home/sofiabl/puzzlebot_ws/install/puzzlebot_navigation/bin'
[0.509s] Level 1:colcon.colcon_core.environment:checking '/home/sofiabl/puzzlebot_ws/install/puzzlebot_navigation/lib/pkgconfig/puzzlebot_navigation.pc'
[0.509s] Level 1:colcon.colcon_core.environment:checking '/home/sofiabl/puzzlebot_ws/install/puzzlebot_navigation/lib/python3.10/site-packages'
[0.510s] Level 1:colcon.colcon_core.environment:checking '/home/sofiabl/puzzlebot_ws/install/puzzlebot_navigation/bin'
[0.510s] INFO:colcon.colcon_core.shell:Creating package script '/home/sofiabl/puzzlebot_ws/install/puzzlebot_navigation/share/puzzlebot_navigation/package.ps1'
[0.510s] INFO:colcon.colcon_core.shell:Creating package descriptor '/home/sofiabl/puzzlebot_ws/install/puzzlebot_navigation/share/puzzlebot_navigation/package.dsv'
[0.511s] INFO:colcon.colcon_core.shell:Creating package script '/home/sofiabl/puzzlebot_ws/install/puzzlebot_navigation/share/puzzlebot_navigation/package.sh'
[0.511s] INFO:colcon.colcon_core.shell:Creating package script '/home/sofiabl/puzzlebot_ws/install/puzzlebot_navigation/share/puzzlebot_navigation/package.bash'
[0.512s] INFO:colcon.colcon_core.shell:Creating package script '/home/sofiabl/puzzlebot_ws/install/puzzlebot_navigation/share/puzzlebot_navigation/package.zsh'
[0.512s] Level 1:colcon.colcon_core.environment:create_file_with_runtime_dependencies(/home/sofiabl/puzzlebot_ws/install/puzzlebot_navigation/share/colcon-core/packages/puzzlebot_navigation)
[0.512s] DEBUG:colcon.colcon_parallel_executor.executor.parallel:closing loop
[0.512s] DEBUG:colcon.colcon_parallel_executor.executor.parallel:loop closed
[0.512s] DEBUG:colcon.colcon_parallel_executor.executor.parallel:run_until_complete finished with '0'
[0.512s] DEBUG:colcon.colcon_core.event_reactor:joining thread
[0.516s] INFO:colcon.colcon_core.plugin_system:Skipping extension 'colcon_notification.desktop_notification.terminal_notifier': Not used on non-Darwin systems
[0.516s] INFO:colcon.colcon_core.plugin_system:Skipping extension 'colcon_notification.desktop_notification.win32': Not used on non-Windows systems
[0.516s] INFO:colcon.colcon_notification.desktop_notification:Sending desktop notification using 'notify2'
[0.526s] DEBUG:colcon.colcon_core.event_reactor:joined thread
[0.527s] INFO:colcon.colcon_core.shell:Creating prefix script '/home/sofiabl/puzzlebot_ws/install/local_setup.ps1'
[0.528s] INFO:colcon.colcon_core.shell:Creating prefix util module '/home/sofiabl/puzzlebot_ws/install/_local_setup_util_ps1.py'
[0.529s] INFO:colcon.colcon_core.shell:Creating prefix chain script '/home/sofiabl/puzzlebot_ws/install/setup.ps1'
[0.530s] INFO:colcon.colcon_core.shell:Creating prefix script '/home/sofiabl/puzzlebot_ws/install/local_setup.sh'
[0.531s] INFO:colcon.colcon_core.shell:Creating prefix util module '/home/sofiabl/puzzlebot_ws/install/_local_setup_util_sh.py'
[0.531s] INFO:colcon.colcon_core.shell:Creating prefix chain script '/home/sofiabl/puzzlebot_ws/install/setup.sh'
[0.532s] INFO:colcon.colcon_core.shell:Creating prefix script '/home/sofiabl/puzzlebot_ws/install/local_setup.bash'
[0.533s] INFO:colcon.colcon_core.shell:Creating prefix chain script '/home/sofiabl/puzzlebot_ws/install/setup.bash'
[0.533s] INFO:colcon.colcon_core.shell:Creating prefix script '/home/sofiabl/puzzlebot_ws/install/local_setup.zsh'
[0.534s] INFO:colcon.colcon_core.shell:Creating prefix chain script '/home/sofiabl/puzzlebot_ws/install/setup.zsh'
