[0.010s] Invoking command in '/home/sofiabl/puzzlebot_ws/build/puzzlebot_description': CMAKE_PREFIX_PATH=${CMAKE_PREFIX_PATH}:/home/sofiabl/ros2_ws/install/mobile_robotics:/opt/ros/humble /usr/bin/cmake --build /home/sofiabl/puzzlebot_ws/build/puzzlebot_description -- -j12 -l12
[0.060s] -- Found ament_cmake: 1.3.14 (/opt/ros/humble/share/ament_cmake/cmake)
[0.226s] -- Configuring done
[0.228s] -- Generating done
[0.230s] -- Build files have been written to: /home/sofiabl/puzzlebot_ws/build/puzzlebot_description
[0.248s] Invoked command in '/home/sofiabl/puzzlebot_ws/build/puzzlebot_description' returned '0': CMAKE_PREFIX_PATH=${CMAKE_PREFIX_PATH}:/home/sofiabl/ros2_ws/install/mobile_robotics:/opt/ros/humble /usr/bin/cmake --build /home/sofiabl/puzzlebot_ws/build/puzzlebot_description -- -j12 -l12
[0.255s] Invoking command in '/home/sofiabl/puzzlebot_ws/build/puzzlebot_description': CMAKE_PREFIX_PATH=${CMAKE_PREFIX_PATH}:/home/sofiabl/ros2_ws/install/mobile_robotics:/opt/ros/humble /usr/bin/cmake --install /home/sofiabl/puzzlebot_ws/build/puzzlebot_description
[0.260s] -- Install configuration: ""
[0.260s] -- Up-to-date: /home/sofiabl/puzzlebot_ws/install/puzzlebot_description/share/puzzlebot_description/urdf
[0.260s] -- Up-to-date: /home/sofiabl/puzzlebot_ws/install/puzzlebot_description/share/puzzlebot_description/urdf/puzzlebot.xacro
[0.260s] -- Up-to-date: /home/sofiabl/puzzlebot_ws/install/puzzlebot_description/share/puzzlebot_description/rviz
[0.260s] -- Up-to-date: /home/sofiabl/puzzlebot_ws/install/puzzlebot_description/share/puzzlebot_description/rviz/puzzlebot_description.rviz
[0.260s] -- Up-to-date: /home/sofiabl/puzzlebot_ws/install/puzzlebot_description/share/puzzlebot_description/meshes
[0.260s] -- Up-to-date: /home/sofiabl/puzzlebot_ws/install/puzzlebot_description/share/puzzlebot_description/meshes/Base
[0.260s] -- Up-to-date: /home/sofiabl/puzzlebot_ws/install/puzzlebot_description/share/puzzlebot_description/meshes/Base/Puzzlebot_Jetson_Lidar_Edition_Base(1).stl
[0.260s] -- Up-to-date: /home/sofiabl/puzzlebot_ws/install/puzzlebot_description/share/puzzlebot_description/meshes/Wheel
[0.260s] -- Up-to-date: /home/sofiabl/puzzlebot_ws/install/puzzlebot_description/share/puzzlebot_description/meshes/Wheel/Puzzlebot_Wheel.stl
[0.260s] -- Up-to-date: /home/sofiabl/puzzlebot_ws/install/puzzlebot_description/share/puzzlebot_description/meshes/Caster_wheel
[0.261s] -- Up-to-date: /home/sofiabl/puzzlebot_ws/install/puzzlebot_description/share/puzzlebot_description/meshes/Caster_wheel/Puzzlebot_Caster_Wheel.stl
[0.261s] -- Up-to-date: /home/sofiabl/puzzlebot_ws/install/puzzlebot_description/share/puzzlebot_description/launch
[0.261s] -- Up-to-date: /home/sofiabl/puzzlebot_ws/install/puzzlebot_description/share/puzzlebot_description/launch/puzzlebot_description.launch.xml
[0.261s] -- Up-to-date: /home/sofiabl/puzzlebot_ws/install/puzzlebot_description/share/ament_index/resource_index/package_run_dependencies/puzzlebot_description
[0.261s] -- Installing: /home/sofiabl/puzzlebot_ws/install/puzzlebot_description/share/ament_index/resource_index/parent_prefix_path/puzzlebot_description
[0.261s] -- Installing: /home/sofiabl/puzzlebot_ws/install/puzzlebot_description/share/puzzlebot_description/environment/ament_prefix_path.sh
[0.261s] -- Installing: /home/sofiabl/puzzlebot_ws/install/puzzlebot_description/share/puzzlebot_description/environment/ament_prefix_path.dsv
[0.261s] -- Installing: /home/sofiabl/puzzlebot_ws/install/puzzlebot_description/share/puzzlebot_description/environment/path.sh
[0.261s] -- Installing: /home/sofiabl/puzzlebot_ws/install/puzzlebot_description/share/puzzlebot_description/environment/path.dsv
[0.261s] -- Up-to-date: /home/sofiabl/puzzlebot_ws/install/puzzlebot_description/share/puzzlebot_description/local_setup.bash
[0.261s] -- Up-to-date: /home/sofiabl/puzzlebot_ws/install/puzzlebot_description/share/puzzlebot_description/local_setup.sh
[0.261s] -- Up-to-date: /home/sofiabl/puzzlebot_ws/install/puzzlebot_description/share/puzzlebot_description/local_setup.zsh
[0.261s] -- Installing: /home/sofiabl/puzzlebot_ws/install/puzzlebot_description/share/puzzlebot_description/local_setup.dsv
[0.261s] -- Installing: /home/sofiabl/puzzlebot_ws/install/puzzlebot_description/share/puzzlebot_description/package.dsv
[0.261s] -- Up-to-date: /home/sofiabl/puzzlebot_ws/install/puzzlebot_description/share/ament_index/resource_index/packages/puzzlebot_description
[0.261s] -- Up-to-date: /home/sofiabl/puzzlebot_ws/install/puzzlebot_description/share/puzzlebot_description/cmake/puzzlebot_descriptionConfig.cmake
[0.261s] -- Up-to-date: /home/sofiabl/puzzlebot_ws/install/puzzlebot_description/share/puzzlebot_description/cmake/puzzlebot_descriptionConfig-version.cmake
[0.261s] -- Up-to-date: /home/sofiabl/puzzlebot_ws/install/puzzlebot_description/share/puzzlebot_description/package.xml
[0.262s] Invoked command in '/home/sofiabl/puzzlebot_ws/build/puzzlebot_description' returned '0': CMAKE_PREFIX_PATH=${CMAKE_PREFIX_PATH}:/home/sofiabl/ros2_ws/install/mobile_robotics:/opt/ros/humble /usr/bin/cmake --install /home/sofiabl/puzzlebot_ws/build/puzzlebot_description
