[0.006s] Invoking command in '/home/sofiabl/puzzlebot_ws/build/puzzlebot_gazebo': CMAKE_PREFIX_PATH=/home/sofiabl/puzzlebot_ws/install/puzzlebot_description:/home/sofiabl/puzzlebot_ws/install/puzzlebot_navigation:/home/sofiabl/puzzlebot_ws/install/puzzlebot_gazebo:/home/sofiabl/manchester/install/tf_examples:/home/sofiabl/manchester/install/puzzlebot_sim:/opt/ros/humble /usr/bin/cmake --build /home/sofiabl/puzzlebot_ws/build/puzzlebot_gazebo -- -j12 -l12
[0.033s] Invoked command in '/home/sofiabl/puzzlebot_ws/build/puzzlebot_gazebo' returned '0': CMAKE_PREFIX_PATH=/home/sofiabl/puzzlebot_ws/install/puzzlebot_description:/home/sofiabl/puzzlebot_ws/install/puzzlebot_navigation:/home/sofiabl/puzzlebot_ws/install/puzzlebot_gazebo:/home/sofiabl/manchester/install/tf_examples:/home/sofiabl/manchester/install/puzzlebot_sim:/opt/ros/humble /usr/bin/cmake --build /home/sofiabl/puzzlebot_ws/build/puzzlebot_gazebo -- -j12 -l12
[0.034s] Invoking command in '/home/sofiabl/puzzlebot_ws/build/puzzlebot_gazebo': CMAKE_PREFIX_PATH=/home/sofiabl/puzzlebot_ws/install/puzzlebot_description:/home/sofiabl/puzzlebot_ws/install/puzzlebot_navigation:/home/sofiabl/puzzlebot_ws/install/puzzlebot_gazebo:/home/sofiabl/manchester/install/tf_examples:/home/sofiabl/manchester/install/puzzlebot_sim:/opt/ros/humble /usr/bin/cmake --install /home/sofiabl/puzzlebot_ws/build/puzzlebot_gazebo
[0.039s] -- Install configuration: ""
[0.039s] -- Up-to-date: /home/sofiabl/puzzlebot_ws/install/puzzlebot_gazebo/share/puzzlebot_gazebo/launch
[0.039s] -- Up-to-date: /home/sofiabl/puzzlebot_ws/install/puzzlebot_gazebo/share/puzzlebot_gazebo/launch/puzzlebot_gazebo.launch.xml
[0.039s] -- Up-to-date: /home/sofiabl/puzzlebot_ws/install/puzzlebot_gazebo/share/puzzlebot_gazebo/worlds
[0.039s] -- Installing: /home/sofiabl/puzzlebot_ws/install/puzzlebot_gazebo/share/puzzlebot_gazebo/worlds/maze.world
[0.039s] -- Up-to-date: /home/sofiabl/puzzlebot_ws/install/puzzlebot_gazebo/share/puzzlebot_gazebo/config
[0.039s] -- Up-to-date: /home/sofiabl/puzzlebot_ws/install/puzzlebot_gazebo/share/puzzlebot_gazebo/config/gazebo_bridge.yaml
[0.039s] -- Up-to-date: /home/sofiabl/puzzlebot_ws/install/puzzlebot_gazebo/share/ament_index/resource_index/package_run_dependencies/puzzlebot_gazebo
[0.039s] -- Up-to-date: /home/sofiabl/puzzlebot_ws/install/puzzlebot_gazebo/share/ament_index/resource_index/parent_prefix_path/puzzlebot_gazebo
[0.040s] -- Up-to-date: /home/sofiabl/puzzlebot_ws/install/puzzlebot_gazebo/share/puzzlebot_gazebo/environment/ament_prefix_path.sh
[0.040s] -- Up-to-date: /home/sofiabl/puzzlebot_ws/install/puzzlebot_gazebo/share/puzzlebot_gazebo/environment/ament_prefix_path.dsv
[0.040s] -- Up-to-date: /home/sofiabl/puzzlebot_ws/install/puzzlebot_gazebo/share/puzzlebot_gazebo/environment/path.sh
[0.040s] -- Up-to-date: /home/sofiabl/puzzlebot_ws/install/puzzlebot_gazebo/share/puzzlebot_gazebo/environment/path.dsv
[0.040s] -- Up-to-date: /home/sofiabl/puzzlebot_ws/install/puzzlebot_gazebo/share/puzzlebot_gazebo/local_setup.bash
[0.040s] -- Up-to-date: /home/sofiabl/puzzlebot_ws/install/puzzlebot_gazebo/share/puzzlebot_gazebo/local_setup.sh
[0.040s] -- Up-to-date: /home/sofiabl/puzzlebot_ws/install/puzzlebot_gazebo/share/puzzlebot_gazebo/local_setup.zsh
[0.040s] -- Up-to-date: /home/sofiabl/puzzlebot_ws/install/puzzlebot_gazebo/share/puzzlebot_gazebo/local_setup.dsv
[0.040s] -- Installing: /home/sofiabl/puzzlebot_ws/install/puzzlebot_gazebo/share/puzzlebot_gazebo/package.dsv
[0.040s] -- Up-to-date: /home/sofiabl/puzzlebot_ws/install/puzzlebot_gazebo/share/ament_index/resource_index/packages/puzzlebot_gazebo
[0.040s] -- Up-to-date: /home/sofiabl/puzzlebot_ws/install/puzzlebot_gazebo/share/puzzlebot_gazebo/cmake/puzzlebot_gazeboConfig.cmake
[0.040s] -- Up-to-date: /home/sofiabl/puzzlebot_ws/install/puzzlebot_gazebo/share/puzzlebot_gazebo/cmake/puzzlebot_gazeboConfig-version.cmake
[0.040s] -- Up-to-date: /home/sofiabl/puzzlebot_ws/install/puzzlebot_gazebo/share/puzzlebot_gazebo/package.xml
[0.041s] Invoked command in '/home/sofiabl/puzzlebot_ws/build/puzzlebot_gazebo' returned '0': CMAKE_PREFIX_PATH=/home/sofiabl/puzzlebot_ws/install/puzzlebot_description:/home/sofiabl/puzzlebot_ws/install/puzzlebot_navigation:/home/sofiabl/puzzlebot_ws/install/puzzlebot_gazebo:/home/sofiabl/manchester/install/tf_examples:/home/sofiabl/manchester/install/puzzlebot_sim:/opt/ros/humble /usr/bin/cmake --install /home/sofiabl/puzzlebot_ws/build/puzzlebot_gazebo
